#######################################################################################
# log primitive debug message of FSDB dumping                                         #
# This is for R&D to analyze when there are issues happening when FSDB dump           #
#######################################################################################
ANF: vcsd_get_serial_mode_status('./simv: undefined symbol: vcsd_get_serial_mode_status')
ANF: vcsd_enable_sva_success_callback('./simv: undefined symbol: vcsd_enable_sva_success_callback')
ANF: vcsd_disable_sva_success_callback('./simv: undefined symbol: vcsd_disable_sva_success_callback')
ANF: vcsd_get_power_scope_name('./simv: undefined symbol: vcsd_get_power_scope_name')
ANF: vcsd_begin_no_value_var_info('./simv: undefined symbol: vcsd_begin_no_value_var_info')
ANF: vcsd_end_no_value_var_info('./simv: undefined symbol: vcsd_end_no_value_var_info')
ANF: vcsd_remove_xprop_merge_mode_callback('./simv: undefined symbol: vcsd_remove_xprop_merge_mode_callback')
ANF: vhpi_get_cb_info('./simv: undefined symbol: vhpi_get_cb_info')
ANF: vhpi_free_handle('./simv: undefined symbol: vhpi_free_handle')
ANF: vhpi_fetch_vcsd_handle('./simv: undefined symbol: vhpi_fetch_vcsd_handle')
ANF: vhpi_fetch_vpi_handle('./simv: undefined symbol: vhpi_fetch_vpi_handle')
ANF: vhpi_has_verilog_parent('./simv: undefined symbol: vhpi_has_verilog_parent')
ANF: vhpi_is_verilog_scope('./simv: undefined symbol: vhpi_is_verilog_scope')
ANF: scsd_xprop_is_enabled('./simv: undefined symbol: scsd_xprop_is_enabled')
ANF: scsd_xprop_sig_is_promoted('./simv: undefined symbol: scsd_xprop_sig_is_promoted')
ANF: scsd_xprop_int_xvalue('./simv: undefined symbol: scsd_xprop_int_xvalue')
ANF: scsd_xprop_bool_xvalue('./simv: undefined symbol: scsd_xprop_bool_xvalue')
ANF: scsd_xprop_enum_xvalue('./simv: undefined symbol: scsd_xprop_enum_xvalue')
ANF: scsd_xprop_register_merge_mode_cb('./simv: undefined symbol: scsd_xprop_register_merge_mode_cb')
ANF: scsd_xprop_delete_merge_mode_cb('./simv: undefined symbol: scsd_xprop_delete_merge_mode_cb')
ANF: scsd_xprop_get_merge_mode('./simv: undefined symbol: scsd_xprop_get_merge_mode')
ANF: scsd_thread_get_info('./simv: undefined symbol: scsd_thread_get_info')
ANF: scsd_thread_vc_init('./simv: undefined symbol: scsd_thread_vc_init')
ANF: scsd_master_set_delta_sync_cbk('./simv: undefined symbol: scsd_master_set_delta_sync_cbk')
ANF: scsd_fgp_get_fsdb_cores('./simv: undefined symbol: scsd_fgp_get_fsdb_cores')
ANF: scsd_fgp_get_is_cpu_affinity_disabled('./simv: undefined symbol: scsd_fgp_get_is_cpu_affinity_disabled')
ANF: vhdi_dt_get_type('./simv: undefined symbol: vhdi_dt_get_type')
ANF: vhdi_dt_get_key('./simv: undefined symbol: vhdi_dt_get_key')
ANF: vhdi_dt_get_vhdl_enum_info('./simv: undefined symbol: vhdi_dt_get_vhdl_enum_info')
ANF: vhdi_dt_get_vhdl_physical_info('./simv: undefined symbol: vhdi_dt_get_vhdl_physical_info')
ANF: vhdi_dt_get_vhdl_array_info('./simv: undefined symbol: vhdi_dt_get_vhdl_array_info')
ANF: vhdi_dt_get_vhdl_record_info('./simv: undefined symbol: vhdi_dt_get_vhdl_record_info')
ANF: vhdi_def_traverse_module('./simv: undefined symbol: vhdi_def_traverse_module')
ANF: vhdi_def_traverse_scope('./simv: undefined symbol: vhdi_def_traverse_scope')
ANF: vhdi_def_traverse_variable('./simv: undefined symbol: vhdi_def_traverse_variable')
ANF: vhdi_def_get_module_id_by_vhpi('./simv: undefined symbol: vhdi_def_get_module_id_by_vhpi')
ANF: vhdi_def_get_handle_by_module_id('./simv: undefined symbol: vhdi_def_get_handle_by_module_id')
ANF: vhdi_def_get_variable_info_by_vhpi('./simv: undefined symbol: vhdi_def_get_variable_info_by_vhpi')
ANF: vhdi_def_free('./simv: undefined symbol: vhdi_def_free')
ANF: vhdi_ist_traverse_scope('./simv: undefined symbol: vhdi_ist_traverse_scope')
ANF: vhdi_ist_traverse_variable('./simv: undefined symbol: vhdi_ist_traverse_variable')
ANF: vhdi_ist_convert_by_vhpi('./simv: undefined symbol: vhdi_ist_convert_by_vhpi')
ANF: vhdi_ist_clone('./simv: undefined symbol: vhdi_ist_clone')
ANF: vhdi_ist_free('./simv: undefined symbol: vhdi_ist_free')
ANF: vhdi_ist_hash_key('./simv: undefined symbol: vhdi_ist_hash_key')
ANF: vhdi_ist_compare('./simv: undefined symbol: vhdi_ist_compare')
ANF: vhdi_ist_get_value_addr('./simv: undefined symbol: vhdi_ist_get_value_addr')
ANF: vhdi_set_scsd_callback('./simv: undefined symbol: vhdi_set_scsd_callback')
ANF: vhdi_cbk_set_force_callback('./simv: undefined symbol: vhdi_cbk_set_force_callback')
ANF: vhdi_trigger_init_force('./simv: undefined symbol: vhdi_trigger_init_force')
ANF: vhdi_ist_check_scsd_callback('./simv: undefined symbol: vhdi_ist_check_scsd_callback')
ANF: vhdi_ist_add_scsd_callback('./simv: undefined symbol: vhdi_ist_add_scsd_callback')
ANF: vhdi_ist_remove_scsd_callback('./simv: undefined symbol: vhdi_ist_remove_scsd_callback')
ANF: vhdi_ist_get_scsd_user_data('./simv: undefined symbol: vhdi_ist_get_scsd_user_data')
ANF: vhdi_add_time_change_callback('./simv: undefined symbol: vhdi_add_time_change_callback')
ANF: vhdi_get_real_value_by_value_addr('./simv: undefined symbol: vhdi_get_real_value_by_value_addr')
ANF: vhdi_get_64_value_by_value_addr('./simv: undefined symbol: vhdi_get_64_value_by_value_addr')
ANF: vhdi_xprop_inst_is_promoted('./simv: undefined symbol: vhdi_xprop_inst_is_promoted')
ANF: vdi_ist_convert_by_vhdi('./simv: undefined symbol: vdi_ist_convert_by_vhdi')
ANF: vhdi_ist_get_module_id('./simv: undefined symbol: vhdi_ist_get_module_id')
ANF: vhdi_refine_foreign_scope_type('./simv: undefined symbol: vhdi_refine_foreign_scope_type')
ANF: vhdi_flush_callback('./simv: undefined symbol: vhdi_flush_callback')
ANF: vhdi_set_orig_name('./simv: undefined symbol: vhdi_set_orig_name')
ANF: vhdi_set_dump_pt('./simv: undefined symbol: vhdi_set_dump_pt')
ANF: vhdi_get_fsdb_option('./simv: undefined symbol: vhdi_get_fsdb_option')
ANF: vhdi_fgp_get_mode('./simv: undefined symbol: vhdi_fgp_get_mode')
ANF: vhdi_node_register_composite_var('./simv: undefined symbol: vhdi_node_register_composite_var')
ANF: vhdi_node_analysis('./simv: undefined symbol: vhdi_node_analysis')
ANF: vhdi_node_id('./simv: undefined symbol: vhdi_node_id')
ANF: vhdi_node_ist_check_scsd_callback('./simv: undefined symbol: vhdi_node_ist_check_scsd_callback')
ANF: vhdi_node_ist_add_scsd_callback('./simv: undefined symbol: vhdi_node_ist_add_scsd_callback')
ANF: vhdi_node_ist_get_value_addr('./simv: undefined symbol: vhdi_node_ist_get_value_addr')
ANF: vhdi_enc_def_traverse_module('./simv: undefined symbol: vhdi_enc_def_traverse_module')
ANF: vhdi_enc_def_traverse_scope('./simv: undefined symbol: vhdi_enc_def_traverse_scope')
ANF: vhdi_enc_def_traverse_variable('./simv: undefined symbol: vhdi_enc_def_traverse_variable')
ANF: vhdi_enc_ist_traverse_scope('./simv: undefined symbol: vhdi_enc_ist_traverse_scope')
ANF: vhdi_enc_ist_traverse_variable('./simv: undefined symbol: vhdi_enc_ist_traverse_variable')
ANF: vhdi_enc_ist_get_module_id('./simv: undefined symbol: vhdi_enc_ist_get_module_id')
ANF: vhdi_enc_def_get_handle_by_module_id('./simv: undefined symbol: vhdi_enc_def_get_handle_by_module_id')
VCS compile option:
 option[0]: ./simv
 option[1]: -ucli
 option[2]: -i
 option[3]: mydump_fsdb.tcl
 option[4]: +UVM_TESTNAME=dut_test1
 option[5]: /opt/coe/synopsys/vcs/Q-2020.03-SP2-12/linux64/bin/vcs1
 option[6]: -Mcc=gcc
 option[7]: -Mcplusplus=g++
 option[8]: -Masflags=
 option[9]: -Mcfl= -pipe -DVCSMX -DUVM_DPI_DO_TYPE_CHECK -fPIC -O -I/opt/coe/synopsys/vcs/Q-2020.03-SP2-12/include 
 option[10]: -Mxllcflags=
 option[11]: -Mxcflags= -pipe -DVCSMX -DUVM_DPI_DO_TYPE_CHECK -fPIC -I/opt/coe/synopsys/vcs/Q-2020.03-SP2-12/include
 option[12]: -Mldflags= -rdynamic 
 option[13]: -Mout=simv
 option[14]: -Mamsrun=
 option[15]: -Mvcsaceobjs=
 option[16]: -Mobjects= /opt/coe/synopsys/vcs/Q-2020.03-SP2-12/linux64/lib/libvirsim.so /opt/coe/synopsys/vcs/Q-2020.03-SP2-12/linux64/lib/liberrorinf.so /opt/coe/synopsys/vcs/Q-2020.03-SP2-12/linux64/lib/libsnpsmalloc.so /opt/coe/synopsys/vcs/Q-2020.03-SP2-12/linux64/lib/libvfs.so 
 option[17]: -Mexternalobj=
 option[18]: -Msaverestoreobj=/opt/coe/synopsys/vcs/Q-2020.03-SP2-12/linux64/lib/vcs_save_restore_new.o
 option[19]: -Mcrt0=
 option[20]: -Mcrtn=
 option[21]: -Mcsrc=/opt/coe/synopsys/vcs/Q-2020.03-SP2-12/etc/uvm-1.2/dpi/uvm_dpi.cc /opt/coe/synopsys/vcs/Q-2020.03-SP2-12/etc/uvm-1.2/verdi/dpi/uvm_verdi_dpi.cpp 
 option[22]: -Msyslibs=/opt/coe/synopsys/verdi/Q-2020.03-SP2-12/share/PLI/VCS/LINUX64/pli.a -ldl 
 option[23]: +define+UVM_VERDI_VIF_RECORD
 option[24]: +define+UVM_VCS_RECORD
 option[25]: +incdir+/opt/coe/synopsys/vcs/Q-2020.03-SP2-12/etc/uvm-1.2/vcs
 option[26]: /opt/coe/synopsys/vcs/Q-2020.03-SP2-12/etc/uvm-1.2/uvm_pkg.sv
 option[27]: /opt/coe/synopsys/vcs/Q-2020.03-SP2-12/etc/uvm-1.2/vcs/uvm_custom_install_vcs_recorder.sv
 option[28]: +incdir+/opt/coe/synopsys/vcs/Q-2020.03-SP2-12/etc/uvm-1.2/verdi
 option[29]: /opt/coe/synopsys/vcs/Q-2020.03-SP2-12/etc/uvm-1.2/verdi/uvm_custom_install_verdi_recorder.sv
 option[30]: -full64
 option[31]: -ntb_opts
 option[32]: uvm-1.2
 option[33]: +incdir+/opt/coe/synopsys/vcs/Q-2020.03-SP2-12/etc/uvm-1.2/
 option[34]: -kdb
 option[35]: -Xufe=2steps
 option[36]: -debug_access+all
 option[37]: +vpi
 option[38]: +vcsd1
 option[39]: +itf+/opt/coe/synopsys/vcs/Q-2020.03-SP2-12/linux64/lib/vcsdp_lite.tab
 option[40]: -picarchive
 option[41]: -P
 option[42]: /opt/coe/synopsys/verdi/Q-2020.03-SP2-12/share/PLI/VCS/LINUX64/verdi.tab
 option[43]: -fsdb
 option[44]: -sverilog
 option[45]: -gen_obj
 option[46]: -f
 option[47]: filelist.f
 option[48]: -load
 option[49]: /opt/coe/synopsys/verdi/Q-2020.03-SP2-12/share/PLI/VCS/LINUX64/libnovas.so:FSDBDumpCmd
Chronologic Simulation VCS Release Q-2020.03-SP2-12_Full64
Linux 3.10.0-1160.83.1.el7.x86_64 #1 SMP Mon Dec 19 10:44:06 UTC 2022 x86_64
CPU cores: 40
Limit information:
======================================
cputime		unlimited
filesize		unlimited
datasize		unlimited
stacksize		8209 kbytes
coredumpsize		0 kbytes
memoryuse		unlimited
vmemoryuse		unlimited
descriptors		4096
memorylocked		64 kbytes
maxproc		4096
======================================
(Special)Runtime environment variables:

Runtime environment variables:
XDG_SESSION_ID=1130
HOSTNAME=csce-quinn-s1.engr.tamu.edu
SELINUX_ROLE_REQUESTED=
TERM=xterm-color
SHELL=/bin/bash
HISTSIZE=1000
MAKEFLAGS=
SSH_CLIENT=172.31.12.196 51848 22
LIBRARY_PATH=/opt/coe/synopsys/zebu/Q-2020.03-SP1-4/lib
ZEBU_XIL=/opt/coe/synopsys/zebu/Q-2020.03-SP1-4/ise/ISE_DS
SELINUX_USE_CURRENT_RANGE=
CDC_PREW2KHOST=csce-quinn-s1
SSH_TTY=/dev/pts/8
DMTCP_PLUGIN=/opt/coe/synopsys/zebu/Q-2020.03-SP1-4/lib/libthreadmalloc.so:/opt/coe/synopsys/zebu/Q-2020.03-SP1-4/lib/libpthread_join.so
QT_GRAPHICSSYSTEM_CHECKED=1
USER=caspium
HISTFILESIZE=10000
LD_LIBRARY_PATH=/opt/coe/synopsys/verdi/Q-2020.03-SP2-12/share/FsdbWriter/LINUX64/:/opt/coe/synopsys/verdi/Q-2020.03-SP2-12/share/FsdbReader/LINUX64/:/opt/coe/synopsys/zebu/Q-2020.03-SP1-4/tcl:/opt/coe/synopsys/zebu/Q-2020.03-SP1-4/lib:/opt/coe/synopsys/zebu/Q-2020.03-SP1-4/cmlp/etc/python36_cmlp1/lib/python3.6/site-packages/cll:/opt/coe/synopsys/zebu/Q-2020.03-SP1-4/cmlp/etc/python36_cmlp1/lib/:/opt/coe/synopsys/zebu/Q-2020.03-SP1-4/aura/sw/lib/linux64:/opt/coe/synopsys/verdi/Q-2020.03-SP2-12/share/NPI/lib/linux64:/opt/coe/synopsys/verdi/Q-2020.03-SP2-12/share/FsdbReader/linux64:/opt/coe/synopsys/verdi/Q-2020.03-SP2-12/share/FsdbWriter/linux64:/opt/coe/synopsys/vcs/Q-2020.03-SP2-12/linux64/lib:/opt/coe/synopsys/zebu/Q-2020.03-SP1-4/confpro/linux_a_64:/opt/coe/synopsys/zebu/Q-2020.03-SP1-4/confpro/linux_a_64/lib:/opt/coe/synopsys/zebu/Q-2020.03-SP1-4/thirdparty/gtk
LS_COLORS=rs=0:di=01;34:ln=01;36:mh=00:pi=40;33:so=01;35:do=01;35:bd=40;33;01:cd=40;33;01:or=40;31;01:mi=01;05;37;41:su=37;41:sg=30;43:ca=30;41:tw=30;42:ow=34;42:st=37;44:ex=01;32:*.tar=01;31:*.tgz=01;31:*.arc=01;31:*.arj=01;31:*.taz=01;31:*.lha=01;31:*.lz4=01;31:*.lzh=01;31:*.lzma=01;31:*.tlz=01;31:*.txz=01;31:*.tzo=01;31:*.t7z=01;31:*.zip=01;31:*.z=01;31:*.Z=01;31:*.dz=01;31:*.gz=01;31:*.lrz=01;31:*.lz=01;31:*.lzo=01;31:*.xz=01;31:*.bz2=01;31:*.bz=01;31:*.tbz=01;31:*.tbz2=01;31:*.tz=01;31:*.deb=01;31:*.rpm=01;31:*.jar=01;31:*.war=01;31:*.ear=01;31:*.sar=01;31:*.rar=01;31:*.alz=01;31:*.ace=01;31:*.zoo=01;31:*.cpio=01;31:*.7z=01;31:*.rz=01;31:*.cab=01;31:*.jpg=01;35:*.jpeg=01;35:*.gif=01;35:*.bmp=01;35:*.pbm=01;35:*.pgm=01;35:*.ppm=01;35:*.tga=01;35:*.xbm=01;35:*.xpm=01;35:*.tif=01;35:*.tiff=01;35:*.png=01;35:*.svg=01;35:*.svgz=01;35:*.mng=01;35:*.pcx=01;35:*.mov=01;35:*.mpg=01;35:*.mpeg=01;35:*.m2v=01;35:*.mkv=01;35:*.webm=01;35:*.ogm=01;35:*.mp4=01;35:*.m4v=01;35:*.mp4v=01;35:*.vob=01;35:*.qt=01;35:*.nuv=01;35:*.wmv=01;35:*.asf=01;35:*.rm=01;35:*.rmvb=01;35:*.flc=01;35:*.avi=01;35:*.fli=01;35:*.flv=01;35:*.gl=01;35:*.dl=01;35:*.xcf=01;35:*.xwd=01;35:*.yuv=01;35:*.cgm=01;35:*.emf=01;35:*.axv=01;35:*.anx=01;35:*.ogv=01;35:*.ogx=01;35:*.aac=01;36:*.au=01;36:*.flac=01;36:*.mid=01;36:*.midi=01;36:*.mka=01;36:*.mp3=01;36:*.mpc=01;36:*.ogg=01;36:*.ra=01;36:*.wav=01;36:*.axa=01;36:*.oga=01;36:*.spx=01;36:*.xspf=01;36:
TCL_LIBRARY=/opt/coe/synopsys/zebu/Q-2020.03-SP1-4/tcl/tcl8.6
ZEBU_AURA_SW_HOME=/opt/coe/synopsys/zebu/Q-2020.03-SP1-4/aura/sw
MAKELEVEL=1
SNPSLMD_LICENSE_FILE=27070@coe-vtls3.engr.tamu.edu
PAGER=less
DA_SESSION_ID_AUTH=59dcf6fa-44e4-e641-ac32-4d4a2a597341
MFLAGS=
MAIL=/var/spool/mail/caspium
PATH=/opt/coe/synopsys/verdi/Q-2020.03-SP2-12/bin:/opt/coe/synopsys/zebu/Q-2020.03-SP1-4/bin:/opt/coe/synopsys/zebu/Q-2020.03-SP1-4/bin:/opt/coe/synopsys/zebu/Q-2020.03-SP1-4/aura/sw/bin/linux64:/opt/coe/synopsys/verdi/Q-2020.03-SP2-12/platform/linux64/bin:/opt/coe/synopsys/verdi/Q-2020.03-SP2-12/bin:/opt/coe/synopsys/zebu/Q-2020.03-SP1-4/zsynbatch/bin:/opt/coe/synopsys/zebu/Q-2020.03-SP1-4/confpro/bin:/opt/coe/synopsys/vcs/Q-2020.03-SP2-12/bin:/opt/coe/synopsys/vcs/Q-2020.03-SP2-12/hspice/bin:/opt/coe/bin:/usr/local/bin:/usr/bin:/usr/local/sbin:/usr/sbin:/opt/coe/script_repo/sw
_=./simv
VERDI_HOME=/opt/coe/synopsys/verdi/Q-2020.03-SP2-12
ZEBU_XIL_VIVADO_P4=/opt/coe/synopsys/zebu/Q-2020.03-SP1-4/vivado_p4/
PWD=/home/grads/c/caspium/lab-1-Caspium/vcs_uvm
VCS_HOME=/opt/coe/synopsys/vcs/Q-2020.03-SP2-12
EDITOR=vim
ZEBU_ROOT=/opt/coe/synopsys/zebu/Q-2020.03-SP1-4
TCLLIBPATH=/opt/coe/synopsys/zebu/Q-2020.03-SP1-4/tcl
LANG=en_US.UTF-8
VCS_ARCH_OVERRIDE=linux
ZEBU_XIL_VIVADO_P3=/opt/coe/synopsys/zebu/Q-2020.03-SP1-4/vivado_p3/ids_lite
ZEBU_XIL_VIVADO_P2=/opt/coe/synopsys/zebu/Q-2020.03-SP1-4/vivado_p2/
USER_PRINCIPAL_NAME=caspium@AUTH.TAMU.EDU
SELINUX_LEVEL_REQUESTED=
ZEBU_TRITON_ZS3=/opt/coe/synopsys/zebu/Q-2020.03-SP1-4/triton_zs3
PROXIMA_ROOT=/opt/coe/synopsys/zebu/Q-2020.03-SP1-4
ZEBU_TRITON_ZS2=/opt/coe/synopsys/zebu/Q-2020.03-SP1-4/triton_zs2
LM_LICENSE_FILE=27070@coe-vtls3.engr.tamu.edu
KRB5CCNAME=FILE:/tmp/krb5cc_828003171
HISTCONTROL=ignoredups
CDC_JOINED_DC=ops3.engr.tamu.edu
TCL_LIBRARY_PATH=/opt/coe/synopsys/zebu/Q-2020.03-SP1-4/tcl
SHLVL=2
HOME=/home/grads/c/caspium
CDC_JOINED_SITE=TAMU
XILINX_LOCAL_USER_DATA=no
ZEBU_DRIVER_PATH=/opt/coe/synopsys/zebu/Q-2020.03-SP1-4/drivers
LOGNAME=caspium
SSH_CONNECTION=172.31.12.196 51848 10.119.7.114 22
ZEBU_XIL_VIVADO=/opt/coe/synopsys/zebu/Q-2020.03-SP1-4/vivado/
LESSOPEN=||/usr/bin/lesspipe.sh %s
CDC_JOINED_ZONE=CN=Linux-Server-Resources,CN=CoE-Wide,CN=Global,CN=Zones,OU=Centrify,OU=Services,DC=engr,DC=tamu,DC=edu
DISPLAY=localhost:16.0
CDC_LOCALHOST=csce-quinn-s1.engr.tamu.edu
XDG_RUNTIME_DIR=/run/user/828003171
ZEBU_AURA_FW_HOME=/opt/coe/synopsys/zebu/Q-2020.03-SP1-4/aura/fw
HISTTIMEFORMAT=%F %T 
CDC_JOINED_DOMAIN=engr.tamu.edu
VCS_PATHMAP_PRELOAD_DONE=1
VCS_STACK_EXEC=true
VCS_EXEC_DONE=1
LC_ALL=C
DVE=/opt/coe/synopsys/vcs/Q-2020.03-SP2-12/gui/dve
SPECMAN_OUTPUT_TO_TTY=1
FLEXLM_BORROWFILE=/home/grads/c/caspium/.csce-quinn-s1.engr.tamu.edu-borrow.txt
Runtime command line arguments:
argv[0]=./simv
argv[1]=-ucli
argv[2]=-i
argv[3]=mydump_fsdb.tcl
argv[4]=+UVM_TESTNAME=dut_test1
232 profile - 100
          CPU/Mem usage: 0.080 sys,  0.390 user,  386.09M mem
233 Elapsed time:    0:00:01    Tue Mar  7 17:41:07 2023
234 pliAppInit
235 FSDB_GATE is set.
236 FSDB_RTL is set.
237 FSDB_RTL is set.
238 FSDB_FIELDTYPE is set.
239 Enable Parallel Dumping.
240 pliAppMiscSet: New Sim Round
241 pliEntryInit
242 LIBSSCORE=found /opt/coe/synopsys/verdi/Q-2020.03-SP2-12/share/PLI/lib/LINUXAMD64/libsscore_vcs202003.so through $NOVAS_HOME setting.
243 FSDB Dumper for VCS, Release Verdi_Q-2020.03-SP2-12, Linux x86_64/64bit, 10/12/2022
244 (C) 1996 - 2022 by Synopsys, Inc.
245 sps_tcl_fsdbDumpfile_main at 0
246 argv[0]: myfsdb.fsdb
247 *Verdi* FSDB WARNING: The FSDB file already exists. Overwriting the FSDB file may crash the programs that are using this file.
248 *Verdi* : Create FSDB file 'myfsdb.fsdb'
249 compile option from '/home/grads/c/caspium/lab-1-Caspium/vcs_uvm/simv.daidir/vcs_rebuild'.
250   "vcs '-full64' '-sverilog' '-ntb_opts' 'uvm-1.2' '-kdb' '-debug_access+all' '-f' 'filelist.f' 2>&1"
251 DVDI_is_vir_unload_enabled is enable
252 FSDB_VCS_ENABLE_NATIVE_VC is enable
253 sps_tcl_fsdbDumpon_vd_main at 0 : N/A(0)
254 *Verdi* : fsdbDumpon("glitch") - All FSDB files at 0 s.
255 sps_tcl_fsdbDumpsva_vd_main at 0 : N/A(0)
256 *Verdi* : Begin traversing the SVA assertions, layer (0).
257 *Verdi* : End of traversing the SVA assertions.
258 pliAppHDL_DumpSVAComplete traverse var: profile - 
          CPU/Mem usage: 0.110 sys,  0.430 user,  481.69M mem
                   incr: 0.010 sys,  0.030 user,  3.85M mem
                   accu: 0.010 sys,  0.030 user,  3.85M mem
              accu incr: 0.010 sys,  0.030 user,  3.85M mem

          Count usage: 2 var,  2 idcode,  0 callback
                 incr: 2 var,  2 idcode,  0 callback
                 accu: 2 var,  2 idcode,  0 callback
            accu incr: 2 var,  2 idcode,  0 callback
259 Elapsed time:    0:00:01    Tue Mar  7 17:41:07 2023
260 pliAppHDL_DumpSVAComplete: profile - 
          CPU/Mem usage: 0.110 sys,  0.430 user,  481.69M mem
                   incr: 0.000 sys,  0.000 user,  0.00M mem
                   accu: 0.010 sys,  0.030 user,  3.85M mem
              accu incr: 0.000 sys,  0.000 user,  0.00M mem

          Count usage: 2 var,  2 idcode,  0 callback
                 incr: 0 var,  0 idcode,  0 callback
                 accu: 2 var,  2 idcode,  0 callback
            accu incr: 0 var,  0 idcode,  0 callback
261 Elapsed time:    0:00:01    Tue Mar  7 17:41:07 2023
262 sps_tcl_fsdbDumpvars_vd_main
263 argv[0]: 0
264 argv[1]: /
265 argv[2]: +packedmda
266 argv[3]: +struct
267 argv[4]: +fsdbfile+myfsdb.fsdb
268 argv[5]: +mda
269 argv[6]: +packedmda
270 [spi_vcs_vd_ppi_create_root]: no upf option
271 FSDB dumper cannot dump UPF related power signal ($power_tree): no ppiPowerNetwork.
272 Power dumping is enabled and VIR_REDUCTION may not work.
273 *Verdi* : Begin traversing the scope (/), layer (0).
274 *Verdi* : Enable +struct, +mda and +packedmda dumping.
275 *Verdi* : End of traversing.
276 pliAppHDL_DumpVarComplete traverse var: profile - 
          CPU/Mem usage: 0.110 sys,  0.440 user,  485.80M mem
                   incr: 0.000 sys,  0.010 user,  4.12M mem
                   accu: 0.000 sys,  0.010 user,  4.12M mem
              accu incr: 0.000 sys,  0.010 user,  4.12M mem

          Count usage: 134 var,  111 idcode,  67 callback
                 incr: 132 var,  109 idcode,  67 callback
                 accu: 132 var,  109 idcode,  67 callback
            accu incr: 132 var,  109 idcode,  67 callback
277 Elapsed time:    0:00:01    Tue Mar  7 17:41:07 2023
278 pliAppHDL_DumpVarComplete: profile - 
          CPU/Mem usage: 0.110 sys,  0.440 user,  486.85M mem
                   incr: 0.000 sys,  0.000 user,  1.05M mem
                   accu: 0.000 sys,  0.010 user,  5.17M mem
              accu incr: 0.000 sys,  0.000 user,  1.05M mem

          Count usage: 134 var,  111 idcode,  67 callback
                 incr: 0 var,  0 idcode,  0 callback
                 accu: 132 var,  109 idcode,  67 callback
            accu incr: 0 var,  0 idcode,  0 callback
279 Elapsed time:    0:00:01    Tue Mar  7 17:41:07 2023
280 sps_tcl_fsdbDumpflush_vd_main
281 *Verdi* : Flush all FSDB Files at 0 s.
282 End of simulation at 345
283 Elapsed time:    0:00:01    Tue Mar  7 17:41:07 2023
284 Begin FSDB profile info:
285 FSDB Writer : bc1(512) bcn(218) mtf/stf(0/1)
FSDB Writer elapsed time : flush(0.031593) io wait(0.000000) theadpool wait(0.000000)
FSDB Writer cpu time : MT Compression : 0
286 End FSDB profile info
287 Parallel profile     - ProducerThread:1 ConsumerThread:1 Buffer:64MB
288                      - BlockUsed:1 Acquire:765 BufferUsed:8810
289                      - Flush:6 Expand:0 ProducerWait:0 ConsumerWait:0
290                      - MainProducerTime:0.600137560 TotalConsumerTime:0.000000000
291                      - ElapsedTime:0.759855000
292 Producer   0 profile - BlockUsed:1 Acquire:765 BufferUsed:8810
293 Consumer   0 profile - Affinity:-1 CPUTime:0.000000000 LifeTime:0.000000000 (-nan%)
294                      - BlockUsed:1 Acquire:765 BufferUsed:8810
295 SimExit
296 Elapsed time:    0:00:01    Tue Mar  7 17:41:07 2023
297 Sim process exit
