Invoking simulator...
Verdi>/home/grads/c/caspium/lab-1-Caspium/vcs_uvm/simv +UVM_TESTNAME=dut_test1 -sml=verdi +fsdb+gate=off -ucli2Proc -ucli
*Verdi* Loading libsscore_vcs202003.so
FSDB Dumper for VCS, Release Verdi_Q-2020.03-SP2-12, Linux x86_64/64bit, 10/12/2022
(C) 1996 - 2022 by Synopsys, Inc.
*Verdi* : Create FSDB file '/home/grads/c/caspium/lab-1-Caspium/vcs_uvm/inter.fsdb'
*Verdi* : Flush all FSDB Files at 0 s.
*Verdi* : Enable RPC Server(2012)
Warning : License for product VCSRuntime_Net(725) will expire within 28 days, on: 03-apr-2023.
If you would like to temporarily disable this message, set 
 the VCS_LIC_EXPIRE_WARNING environment variable to the number of days
before expiration that you want this message to start (the minimum is 0).
Chronologic VCS simulator copyright 1991-2020
Contains Synopsys proprietary information.
Compiler version Q-2020.03-SP2-12_Full64; Runtime version Q-2020.03-SP2-12_Full64;  Mar  7 17:19 2023
UVM_INFO /opt/coe/synopsys/vcs/Q-2020.03-SP2-12/etc/uvm-1.2/base/uvm_root.svh(402) @ 0: reporter [UVM/RELNOTES] 
----------------------------------------------------------------
UVM-1.2.Synopsys
(C) 2007-2014 Mentor Graphics Corporation
(C) 2007-2014 Cadence Design Systems, Inc.
(C) 2006-2014 Synopsys, Inc.
(C) 2011-2013 Cypress Semiconductor Corp.
(C) 2013-2014 NVIDIA Corporation
----------------------------------------------------------------
  ***********       IMPORTANT RELEASE NOTES         ************
  You are using a version of the UVM library that has been compiled
  with `UVM_NO_DEPRECATED undefined.
  See http://www.eda.org/svdb/view.php?id=3313 for more details.
  You are using a version of the UVM library that has been compiled
  with `UVM_OBJECT_DO_NOT_NEED_CONSTRUCTOR undefined.
  See http://www.eda.org/svdb/view.php?id=3770 for more details.
      (Specify +UVM_NO_RELNOTES to turn off this notice)
Verdi>run
UVM_INFO @ 0: reporter [RNTST] Running test dut_test1...
UVM_INFO ./uvm/re_agent/dut_re_mon.sv(14) @ 0: uvm_test_top.env.re_agent.re_monitor [dut_re_mon] Start...
UVM_INFO ./uvm/we_agent/dut_we_mon.sv(14) @ 0: uvm_test_top.env.we_agent.we_monitor [dut_we_mon] Start...
UVM_INFO ./uvm/tests/fifo_sb.sv(40) @ 0: uvm_test_top.sb [fifo_sb] Starting...
UVM_INFO ./uvm/tests/dut_test1.sv(51) @ 0: uvm_test_top [dut_test1] Test is running...
UVM_INFO ./uvm/tests/dut_test1.sv(14) @ 0: uvm_test_top [dut_test1.we_task] Writing one data...
UVM_INFO ./uvm/tests/dut_test1.sv(34) @ 0: uvm_test_top [dut_test1.re_task] Reading one data...
UVM_INFO ./uvm/re_agent/dut_re_driver.sv(14) @ 40: uvm_test_top.env.re_agent.re_driver [dut_re_driver] RSTN is 1'b1
UVM_INFO ./uvm/we_agent/dut_we_driver.sv(15) @ 40: uvm_test_top.env.we_agent.we_driver [dut_we_driver] RSTN is 1'b1
UVM_INFO ./uvm/we_agent/dut_we_seq.sv(20) @ 40: uvm_test_top.env.we_agent.we_seqr@@we_seq [dut_we_seq] fifo_we_data: fifo data is 1ef
UVM_INFO ./uvm/we_agent/dut_we_driver.sv(18) @ 40: uvm_test_top.env.we_agent.we_driver [dut_we_driver] WE_DRV gets one data: fifo data is 1ef
UVM_INFO ./uvm/re_agent/dut_re_driver.sv(17) @ 40: uvm_test_top.env.re_agent.re_driver [dut_re_driver] RE_DRV starts Reading data
UVM_INFO ./uvm/re_agent/dut_re_driver.sv(22) @ 55: uvm_test_top.env.re_agent.re_driver [dut_re_driver] readyout is low
UVM_INFO ./uvm/we_agent/dut_we_driver.sv(28) @ 63: uvm_test_top.env.we_agent.we_driver [dut_we_driver] WE_DRV drives one data: fifo data is 1ef
UVM_INFO ./uvm/tests/dut_test1.sv(14) @ 63: uvm_test_top [dut_test1.we_task] Writing one data...
UVM_INFO ./uvm/we_agent/dut_we_seq.sv(20) @ 63: uvm_test_top.env.we_agent.we_seqr@@we_seq [dut_we_seq] fifo_we_data: fifo data is 3f
UVM_INFO ./uvm/we_agent/dut_we_driver.sv(18) @ 63: uvm_test_top.env.we_agent.we_driver [dut_we_driver] WE_DRV gets one data: fifo data is 3f
UVM_INFO ./uvm/re_agent/dut_re_driver.sv(22) @ 65: uvm_test_top.env.re_agent.re_driver [dut_re_driver] readyout is low
UVM_INFO ./uvm/re_agent/dut_re_driver.sv(22) @ 75: uvm_test_top.env.re_agent.re_driver [dut_re_driver] readyout is low
UVM_INFO ./uvm/we_agent/dut_we_mon.sv(26) @ 77: uvm_test_top.env.we_agent.we_monitor [dut_we_mon] WE_MON gets one data: fifo data is 1ef
UVM_INFO ./uvm/tests/fifo_sb.sv(26) @ 77: uvm_test_top.sb [fifo_sb.write_we] fifo_sb got one data from WE: fifo data is 1ef
UVM_INFO ./uvm/re_agent/dut_re_mon.sv(26) @ 85: uvm_test_top.env.re_agent.re_monitor [dut_re_mon] WE_MON gets one data: fifo data is 1ef
UVM_INFO ./uvm/tests/fifo_sb.sv(31) @ 85: uvm_test_top.sb [fifo_sb.write_re] fifo_sb got one data from RE: fifo data is 1ef
UVM_INFO ./uvm/re_agent/dut_re_driver.sv(29) @ 85: uvm_test_top.env.re_agent.re_driver [dut_re_driver] RE_DRV gets one data: fifo data is 1ef
UVM_INFO ./uvm/tests/fifo_sb.sv(44) @ 85: uvm_test_top.sb [fifo_sb.run_phase] get one data from re_q: 1ef
UVM_INFO ./uvm/tests/fifo_sb.sv(52) @ 85: uvm_test_top.sb [fifo_sb.run_phase] get one data from we_q: 1ef
UVM_INFO ./uvm/tests/fifo_sb.sv(58) @ 85: uvm_test_top.sb [fifo_sb.run_phase] Correct: we_data: 1ef, re_data: 1ef
UVM_INFO ./uvm/re_agent/dut_re_seq.sv(25) @ 85: uvm_test_top.env.re_agent.re_seqr@@re_seq [dut_re_seq] get one data from fifo: 1ef
UVM_INFO ./uvm/tests/dut_test1.sv(34) @ 85: uvm_test_top [dut_test1.re_task] Reading one data...
UVM_INFO ./uvm/re_agent/dut_re_driver.sv(17) @ 85: uvm_test_top.env.re_agent.re_driver [dut_re_driver] RE_DRV starts Reading data
UVM_INFO ./uvm/we_agent/dut_we_driver.sv(28) @ 91: uvm_test_top.env.we_agent.we_driver [dut_we_driver] WE_DRV drives one data: fifo data is 3f
UVM_INFO ./uvm/tests/dut_test1.sv(14) @ 91: uvm_test_top [dut_test1.we_task] Writing one data...
UVM_INFO ./uvm/we_agent/dut_we_seq.sv(20) @ 91: uvm_test_top.env.we_agent.we_seqr@@we_seq [dut_we_seq] fifo_we_data: fifo data is 176
UVM_INFO ./uvm/we_agent/dut_we_driver.sv(18) @ 91: uvm_test_top.env.we_agent.we_driver [dut_we_driver] WE_DRV gets one data: fifo data is 176
UVM_INFO ./uvm/we_agent/dut_we_mon.sv(26) @ 105: uvm_test_top.env.we_agent.we_monitor [dut_we_mon] WE_MON gets one data: fifo data is 3f
UVM_INFO ./uvm/tests/fifo_sb.sv(26) @ 105: uvm_test_top.sb [fifo_sb.write_we] fifo_sb got one data from WE: fifo data is 3f
UVM_INFO ./uvm/re_agent/dut_re_driver.sv(22) @ 105: uvm_test_top.env.re_agent.re_driver [dut_re_driver] readyout is low
UVM_INFO ./uvm/re_agent/dut_re_mon.sv(26) @ 115: uvm_test_top.env.re_agent.re_monitor [dut_re_mon] WE_MON gets one data: fifo data is 3f
UVM_INFO ./uvm/tests/fifo_sb.sv(31) @ 115: uvm_test_top.sb [fifo_sb.write_re] fifo_sb got one data from RE: fifo data is 3f
UVM_INFO ./uvm/re_agent/dut_re_driver.sv(29) @ 115: uvm_test_top.env.re_agent.re_driver [dut_re_driver] RE_DRV gets one data: fifo data is 3f
UVM_INFO ./uvm/tests/fifo_sb.sv(44) @ 115: uvm_test_top.sb [fifo_sb.run_phase] get one data from re_q: 3f
UVM_INFO ./uvm/tests/fifo_sb.sv(52) @ 115: uvm_test_top.sb [fifo_sb.run_phase] get one data from we_q: 3f
UVM_INFO ./uvm/tests/fifo_sb.sv(58) @ 115: uvm_test_top.sb [fifo_sb.run_phase] Correct: we_data: 3f, re_data: 3f
UVM_INFO ./uvm/re_agent/dut_re_seq.sv(25) @ 115: uvm_test_top.env.re_agent.re_seqr@@re_seq [dut_re_seq] get one data from fifo: 3f
UVM_INFO ./uvm/tests/dut_test1.sv(34) @ 115: uvm_test_top [dut_test1.re_task] Reading one data...
UVM_INFO ./uvm/re_agent/dut_re_driver.sv(17) @ 115: uvm_test_top.env.re_agent.re_driver [dut_re_driver] RE_DRV starts Reading data
UVM_INFO ./uvm/we_agent/dut_we_driver.sv(28) @ 119: uvm_test_top.env.we_agent.we_driver [dut_we_driver] WE_DRV drives one data: fifo data is 176
UVM_INFO ./uvm/tests/dut_test1.sv(14) @ 119: uvm_test_top [dut_test1.we_task] Writing one data...
UVM_INFO ./uvm/we_agent/dut_we_seq.sv(20) @ 119: uvm_test_top.env.we_agent.we_seqr@@we_seq [dut_we_seq] fifo_we_data: fifo data is fc
UVM_INFO ./uvm/we_agent/dut_we_driver.sv(18) @ 119: uvm_test_top.env.we_agent.we_driver [dut_we_driver] WE_DRV gets one data: fifo data is fc
UVM_INFO ./uvm/we_agent/dut_we_mon.sv(26) @ 133: uvm_test_top.env.we_agent.we_monitor [dut_we_mon] WE_MON gets one data: fifo data is 176
UVM_INFO ./uvm/tests/fifo_sb.sv(26) @ 133: uvm_test_top.sb [fifo_sb.write_we] fifo_sb got one data from WE: fifo data is 176
UVM_INFO ./uvm/re_agent/dut_re_driver.sv(22) @ 135: uvm_test_top.env.re_agent.re_driver [dut_re_driver] readyout is low
UVM_INFO ./uvm/re_agent/dut_re_mon.sv(26) @ 145: uvm_test_top.env.re_agent.re_monitor [dut_re_mon] WE_MON gets one data: fifo data is 176
UVM_INFO ./uvm/tests/fifo_sb.sv(31) @ 145: uvm_test_top.sb [fifo_sb.write_re] fifo_sb got one data from RE: fifo data is 176
UVM_INFO ./uvm/re_agent/dut_re_driver.sv(29) @ 145: uvm_test_top.env.re_agent.re_driver [dut_re_driver] RE_DRV gets one data: fifo data is 176
UVM_INFO ./uvm/tests/fifo_sb.sv(44) @ 145: uvm_test_top.sb [fifo_sb.run_phase] get one data from re_q: 176
UVM_INFO ./uvm/tests/fifo_sb.sv(52) @ 145: uvm_test_top.sb [fifo_sb.run_phase] get one data from we_q: 176
UVM_INFO ./uvm/tests/fifo_sb.sv(58) @ 145: uvm_test_top.sb [fifo_sb.run_phase] Correct: we_data: 176, re_data: 176
UVM_INFO ./uvm/re_agent/dut_re_seq.sv(25) @ 145: uvm_test_top.env.re_agent.re_seqr@@re_seq [dut_re_seq] get one data from fifo: 176
UVM_INFO ./uvm/tests/dut_test1.sv(34) @ 145: uvm_test_top [dut_test1.re_task] Reading one data...
UVM_INFO ./uvm/re_agent/dut_re_driver.sv(17) @ 145: uvm_test_top.env.re_agent.re_driver [dut_re_driver] RE_DRV starts Reading data
UVM_INFO ./uvm/we_agent/dut_we_driver.sv(28) @ 147: uvm_test_top.env.we_agent.we_driver [dut_we_driver] WE_DRV drives one data: fifo data is fc
UVM_INFO ./uvm/tests/dut_test1.sv(14) @ 147: uvm_test_top [dut_test1.we_task] Writing one data...
UVM_INFO ./uvm/we_agent/dut_we_seq.sv(20) @ 147: uvm_test_top.env.we_agent.we_seqr@@we_seq [dut_we_seq] fifo_we_data: fifo data is 59
UVM_INFO ./uvm/we_agent/dut_we_driver.sv(18) @ 147: uvm_test_top.env.we_agent.we_driver [dut_we_driver] WE_DRV gets one data: fifo data is 59
UVM_INFO ./uvm/we_agent/dut_we_mon.sv(26) @ 161: uvm_test_top.env.we_agent.we_monitor [dut_we_mon] WE_MON gets one data: fifo data is fc
UVM_INFO ./uvm/tests/fifo_sb.sv(26) @ 161: uvm_test_top.sb [fifo_sb.write_we] fifo_sb got one data from WE: fifo data is fc
UVM_INFO ./uvm/re_agent/dut_re_driver.sv(22) @ 165: uvm_test_top.env.re_agent.re_driver [dut_re_driver] readyout is low
UVM_INFO ./uvm/we_agent/dut_we_driver.sv(28) @ 175: uvm_test_top.env.we_agent.we_driver [dut_we_driver] WE_DRV drives one data: fifo data is 59
UVM_INFO ./uvm/re_agent/dut_re_mon.sv(26) @ 175: uvm_test_top.env.re_agent.re_monitor [dut_re_mon] WE_MON gets one data: fifo data is fc
UVM_INFO ./uvm/tests/fifo_sb.sv(31) @ 175: uvm_test_top.sb [fifo_sb.write_re] fifo_sb got one data from RE: fifo data is fc
UVM_INFO ./uvm/re_agent/dut_re_driver.sv(29) @ 175: uvm_test_top.env.re_agent.re_driver [dut_re_driver] RE_DRV gets one data: fifo data is fc
UVM_INFO ./uvm/tests/fifo_sb.sv(44) @ 175: uvm_test_top.sb [fifo_sb.run_phase] get one data from re_q: fc
UVM_INFO ./uvm/tests/fifo_sb.sv(52) @ 175: uvm_test_top.sb [fifo_sb.run_phase] get one data from we_q: fc
UVM_INFO ./uvm/tests/fifo_sb.sv(58) @ 175: uvm_test_top.sb [fifo_sb.run_phase] Correct: we_data: fc, re_data: fc
UVM_INFO ./uvm/re_agent/dut_re_seq.sv(25) @ 175: uvm_test_top.env.re_agent.re_seqr@@re_seq [dut_re_seq] get one data from fifo: fc
UVM_INFO ./uvm/tests/dut_test1.sv(14) @ 175: uvm_test_top [dut_test1.we_task] Writing one data...
UVM_INFO ./uvm/tests/dut_test1.sv(34) @ 175: uvm_test_top [dut_test1.re_task] Reading one data...
UVM_INFO ./uvm/we_agent/dut_we_seq.sv(20) @ 175: uvm_test_top.env.we_agent.we_seqr@@we_seq [dut_we_seq] fifo_we_data: fifo data is 120
UVM_INFO ./uvm/re_agent/dut_re_driver.sv(17) @ 175: uvm_test_top.env.re_agent.re_driver [dut_re_driver] RE_DRV starts Reading data
UVM_INFO ./uvm/we_agent/dut_we_driver.sv(18) @ 175: uvm_test_top.env.we_agent.we_driver [dut_we_driver] WE_DRV gets one data: fifo data is 120
UVM_INFO ./uvm/we_agent/dut_we_mon.sv(26) @ 189: uvm_test_top.env.we_agent.we_monitor [dut_we_mon] WE_MON gets one data: fifo data is 59
UVM_INFO ./uvm/tests/fifo_sb.sv(26) @ 189: uvm_test_top.sb [fifo_sb.write_we] fifo_sb got one data from WE: fifo data is 59
UVM_INFO ./uvm/re_agent/dut_re_driver.sv(22) @ 195: uvm_test_top.env.re_agent.re_driver [dut_re_driver] readyout is low
UVM_INFO ./uvm/we_agent/dut_we_driver.sv(28) @ 203: uvm_test_top.env.we_agent.we_driver [dut_we_driver] WE_DRV drives one data: fifo data is 120
UVM_INFO ./uvm/tests/dut_test1.sv(14) @ 203: uvm_test_top [dut_test1.we_task] Writing one data...
UVM_INFO ./uvm/we_agent/dut_we_seq.sv(20) @ 203: uvm_test_top.env.we_agent.we_seqr@@we_seq [dut_we_seq] fifo_we_data: fifo data is 13b
UVM_INFO ./uvm/we_agent/dut_we_driver.sv(18) @ 203: uvm_test_top.env.we_agent.we_driver [dut_we_driver] WE_DRV gets one data: fifo data is 13b
UVM_INFO ./uvm/re_agent/dut_re_mon.sv(26) @ 205: uvm_test_top.env.re_agent.re_monitor [dut_re_mon] WE_MON gets one data: fifo data is 59
UVM_INFO ./uvm/tests/fifo_sb.sv(31) @ 205: uvm_test_top.sb [fifo_sb.write_re] fifo_sb got one data from RE: fifo data is 59
UVM_INFO ./uvm/re_agent/dut_re_driver.sv(29) @ 205: uvm_test_top.env.re_agent.re_driver [dut_re_driver] RE_DRV gets one data: fifo data is 59
UVM_INFO ./uvm/tests/fifo_sb.sv(44) @ 205: uvm_test_top.sb [fifo_sb.run_phase] get one data from re_q: 59
UVM_INFO ./uvm/tests/fifo_sb.sv(52) @ 205: uvm_test_top.sb [fifo_sb.run_phase] get one data from we_q: 59
UVM_INFO ./uvm/tests/fifo_sb.sv(58) @ 205: uvm_test_top.sb [fifo_sb.run_phase] Correct: we_data: 59, re_data: 59
UVM_INFO ./uvm/re_agent/dut_re_seq.sv(25) @ 205: uvm_test_top.env.re_agent.re_seqr@@re_seq [dut_re_seq] get one data from fifo: 59
UVM_INFO ./uvm/tests/dut_test1.sv(34) @ 205: uvm_test_top [dut_test1.re_task] Reading one data...
UVM_INFO ./uvm/re_agent/dut_re_driver.sv(17) @ 205: uvm_test_top.env.re_agent.re_driver [dut_re_driver] RE_DRV starts Reading data
UVM_INFO ./uvm/we_agent/dut_we_mon.sv(26) @ 217: uvm_test_top.env.we_agent.we_monitor [dut_we_mon] WE_MON gets one data: fifo data is 120
UVM_INFO ./uvm/tests/fifo_sb.sv(26) @ 217: uvm_test_top.sb [fifo_sb.write_we] fifo_sb got one data from WE: fifo data is 120
UVM_INFO ./uvm/re_agent/dut_re_driver.sv(29) @ 225: uvm_test_top.env.re_agent.re_driver [dut_re_driver] RE_DRV gets one data: fifo data is 120
UVM_INFO ./uvm/re_agent/dut_re_seq.sv(25) @ 225: uvm_test_top.env.re_agent.re_seqr@@re_seq [dut_re_seq] get one data from fifo: 120
UVM_INFO ./uvm/tests/dut_test1.sv(34) @ 225: uvm_test_top [dut_test1.re_task] Reading one data...
UVM_INFO ./uvm/re_agent/dut_re_driver.sv(17) @ 225: uvm_test_top.env.re_agent.re_driver [dut_re_driver] RE_DRV starts Reading data
UVM_INFO ./uvm/we_agent/dut_we_driver.sv(28) @ 231: uvm_test_top.env.we_agent.we_driver [dut_we_driver] WE_DRV drives one data: fifo data is 13b
UVM_INFO ./uvm/tests/dut_test1.sv(14) @ 231: uvm_test_top [dut_test1.we_task] Writing one data...
UVM_INFO ./uvm/we_agent/dut_we_seq.sv(20) @ 231: uvm_test_top.env.we_agent.we_seqr@@we_seq [dut_we_seq] fifo_we_data: fifo data is 1e5
UVM_INFO ./uvm/we_agent/dut_we_driver.sv(18) @ 231: uvm_test_top.env.we_agent.we_driver [dut_we_driver] WE_DRV gets one data: fifo data is 1e5
UVM_INFO ./uvm/re_agent/dut_re_mon.sv(26) @ 235: uvm_test_top.env.re_agent.re_monitor [dut_re_mon] WE_MON gets one data: fifo data is 120
UVM_INFO ./uvm/tests/fifo_sb.sv(31) @ 235: uvm_test_top.sb [fifo_sb.write_re] fifo_sb got one data from RE: fifo data is 120
UVM_INFO ./uvm/tests/fifo_sb.sv(44) @ 235: uvm_test_top.sb [fifo_sb.run_phase] get one data from re_q: 120
UVM_INFO ./uvm/tests/fifo_sb.sv(52) @ 235: uvm_test_top.sb [fifo_sb.run_phase] get one data from we_q: 120
UVM_INFO ./uvm/tests/fifo_sb.sv(58) @ 235: uvm_test_top.sb [fifo_sb.run_phase] Correct: we_data: 120, re_data: 120
UVM_INFO ./uvm/we_agent/dut_we_mon.sv(26) @ 245: uvm_test_top.env.we_agent.we_monitor [dut_we_mon] WE_MON gets one data: fifo data is 13b
UVM_INFO ./uvm/tests/fifo_sb.sv(26) @ 245: uvm_test_top.sb [fifo_sb.write_we] fifo_sb got one data from WE: fifo data is 13b
UVM_INFO ./uvm/re_agent/dut_re_driver.sv(22) @ 245: uvm_test_top.env.re_agent.re_driver [dut_re_driver] readyout is low
UVM_INFO ./uvm/re_agent/dut_re_mon.sv(26) @ 255: uvm_test_top.env.re_agent.re_monitor [dut_re_mon] WE_MON gets one data: fifo data is 13b
UVM_INFO ./uvm/tests/fifo_sb.sv(31) @ 255: uvm_test_top.sb [fifo_sb.write_re] fifo_sb got one data from RE: fifo data is 13b
UVM_INFO ./uvm/re_agent/dut_re_driver.sv(29) @ 255: uvm_test_top.env.re_agent.re_driver [dut_re_driver] RE_DRV gets one data: fifo data is 13b
UVM_INFO ./uvm/tests/fifo_sb.sv(44) @ 255: uvm_test_top.sb [fifo_sb.run_phase] get one data from re_q: 13b
UVM_INFO ./uvm/tests/fifo_sb.sv(52) @ 255: uvm_test_top.sb [fifo_sb.run_phase] get one data from we_q: 13b
UVM_INFO ./uvm/tests/fifo_sb.sv(58) @ 255: uvm_test_top.sb [fifo_sb.run_phase] Correct: we_data: 13b, re_data: 13b
UVM_INFO ./uvm/re_agent/dut_re_seq.sv(25) @ 255: uvm_test_top.env.re_agent.re_seqr@@re_seq [dut_re_seq] get one data from fifo: 13b
UVM_INFO ./uvm/tests/dut_test1.sv(34) @ 255: uvm_test_top [dut_test1.re_task] Reading one data...
UVM_INFO ./uvm/re_agent/dut_re_driver.sv(17) @ 255: uvm_test_top.env.re_agent.re_driver [dut_re_driver] RE_DRV starts Reading data
UVM_INFO ./uvm/we_agent/dut_we_driver.sv(28) @ 259: uvm_test_top.env.we_agent.we_driver [dut_we_driver] WE_DRV drives one data: fifo data is 1e5
UVM_INFO ./uvm/tests/dut_test1.sv(14) @ 259: uvm_test_top [dut_test1.we_task] Writing one data...
UVM_INFO ./uvm/we_agent/dut_we_seq.sv(20) @ 259: uvm_test_top.env.we_agent.we_seqr@@we_seq [dut_we_seq] fifo_we_data: fifo data is 13b
UVM_INFO ./uvm/we_agent/dut_we_driver.sv(18) @ 259: uvm_test_top.env.we_agent.we_driver [dut_we_driver] WE_DRV gets one data: fifo data is 13b
UVM_INFO ./uvm/we_agent/dut_we_mon.sv(26) @ 273: uvm_test_top.env.we_agent.we_monitor [dut_we_mon] WE_MON gets one data: fifo data is 1e5
UVM_INFO ./uvm/tests/fifo_sb.sv(26) @ 273: uvm_test_top.sb [fifo_sb.write_we] fifo_sb got one data from WE: fifo data is 1e5
UVM_INFO ./uvm/re_agent/dut_re_driver.sv(22) @ 275: uvm_test_top.env.re_agent.re_driver [dut_re_driver] readyout is low
UVM_INFO ./uvm/re_agent/dut_re_mon.sv(26) @ 285: uvm_test_top.env.re_agent.re_monitor [dut_re_mon] WE_MON gets one data: fifo data is 1e5
UVM_INFO ./uvm/tests/fifo_sb.sv(31) @ 285: uvm_test_top.sb [fifo_sb.write_re] fifo_sb got one data from RE: fifo data is 1e5
UVM_INFO ./uvm/re_agent/dut_re_driver.sv(29) @ 285: uvm_test_top.env.re_agent.re_driver [dut_re_driver] RE_DRV gets one data: fifo data is 1e5
UVM_INFO ./uvm/tests/fifo_sb.sv(44) @ 285: uvm_test_top.sb [fifo_sb.run_phase] get one data from re_q: 1e5
UVM_INFO ./uvm/tests/fifo_sb.sv(52) @ 285: uvm_test_top.sb [fifo_sb.run_phase] get one data from we_q: 1e5
UVM_INFO ./uvm/tests/fifo_sb.sv(58) @ 285: uvm_test_top.sb [fifo_sb.run_phase] Correct: we_data: 1e5, re_data: 1e5
UVM_INFO ./uvm/re_agent/dut_re_seq.sv(25) @ 285: uvm_test_top.env.re_agent.re_seqr@@re_seq [dut_re_seq] get one data from fifo: 1e5
UVM_INFO ./uvm/tests/dut_test1.sv(34) @ 285: uvm_test_top [dut_test1.re_task] Reading one data...
UVM_INFO ./uvm/re_agent/dut_re_driver.sv(17) @ 285: uvm_test_top.env.re_agent.re_driver [dut_re_driver] RE_DRV starts Reading data
UVM_INFO ./uvm/we_agent/dut_we_driver.sv(28) @ 287: uvm_test_top.env.we_agent.we_driver [dut_we_driver] WE_DRV drives one data: fifo data is 13b
UVM_INFO ./uvm/tests/dut_test1.sv(14) @ 287: uvm_test_top [dut_test1.we_task] Writing one data...
UVM_INFO ./uvm/we_agent/dut_we_seq.sv(20) @ 287: uvm_test_top.env.we_agent.we_seqr@@we_seq [dut_we_seq] fifo_we_data: fifo data is 185
UVM_INFO ./uvm/we_agent/dut_we_driver.sv(18) @ 287: uvm_test_top.env.we_agent.we_driver [dut_we_driver] WE_DRV gets one data: fifo data is 185
UVM_INFO ./uvm/we_agent/dut_we_mon.sv(26) @ 301: uvm_test_top.env.we_agent.we_monitor [dut_we_mon] WE_MON gets one data: fifo data is 13b
UVM_INFO ./uvm/tests/fifo_sb.sv(26) @ 301: uvm_test_top.sb [fifo_sb.write_we] fifo_sb got one data from WE: fifo data is 13b
UVM_INFO ./uvm/re_agent/dut_re_driver.sv(22) @ 305: uvm_test_top.env.re_agent.re_driver [dut_re_driver] readyout is low
UVM_INFO ./uvm/we_agent/dut_we_driver.sv(28) @ 315: uvm_test_top.env.we_agent.we_driver [dut_we_driver] WE_DRV drives one data: fifo data is 185
UVM_INFO ./uvm/re_agent/dut_re_mon.sv(26) @ 315: uvm_test_top.env.re_agent.re_monitor [dut_re_mon] WE_MON gets one data: fifo data is 13b
UVM_INFO ./uvm/tests/fifo_sb.sv(31) @ 315: uvm_test_top.sb [fifo_sb.write_re] fifo_sb got one data from RE: fifo data is 13b
UVM_INFO ./uvm/re_agent/dut_re_driver.sv(29) @ 315: uvm_test_top.env.re_agent.re_driver [dut_re_driver] RE_DRV gets one data: fifo data is 13b
UVM_INFO ./uvm/tests/fifo_sb.sv(44) @ 315: uvm_test_top.sb [fifo_sb.run_phase] get one data from re_q: 13b
UVM_INFO ./uvm/tests/fifo_sb.sv(52) @ 315: uvm_test_top.sb [fifo_sb.run_phase] get one data from we_q: 13b
UVM_INFO ./uvm/tests/fifo_sb.sv(58) @ 315: uvm_test_top.sb [fifo_sb.run_phase] Correct: we_data: 13b, re_data: 13b
UVM_INFO ./uvm/re_agent/dut_re_seq.sv(25) @ 315: uvm_test_top.env.re_agent.re_seqr@@re_seq [dut_re_seq] get one data from fifo: 13b
UVM_INFO ./uvm/tests/dut_test1.sv(34) @ 315: uvm_test_top [dut_test1.re_task] Reading one data...
UVM_INFO ./uvm/re_agent/dut_re_driver.sv(17) @ 315: uvm_test_top.env.re_agent.re_driver [dut_re_driver] RE_DRV starts Reading data
UVM_INFO ./uvm/we_agent/dut_we_mon.sv(26) @ 329: uvm_test_top.env.we_agent.we_monitor [dut_we_mon] WE_MON gets one data: fifo data is 185
UVM_INFO ./uvm/tests/fifo_sb.sv(26) @ 329: uvm_test_top.sb [fifo_sb.write_we] fifo_sb got one data from WE: fifo data is 185
UVM_INFO ./uvm/re_agent/dut_re_driver.sv(22) @ 335: uvm_test_top.env.re_agent.re_driver [dut_re_driver] readyout is low
UVM_INFO ./uvm/re_agent/dut_re_mon.sv(26) @ 345: uvm_test_top.env.re_agent.re_monitor [dut_re_mon] WE_MON gets one data: fifo data is 185
UVM_INFO ./uvm/tests/fifo_sb.sv(31) @ 345: uvm_test_top.sb [fifo_sb.write_re] fifo_sb got one data from RE: fifo data is 185
UVM_INFO ./uvm/re_agent/dut_re_driver.sv(29) @ 345: uvm_test_top.env.re_agent.re_driver [dut_re_driver] RE_DRV gets one data: fifo data is 185
UVM_INFO ./uvm/tests/fifo_sb.sv(44) @ 345: uvm_test_top.sb [fifo_sb.run_phase] get one data from re_q: 185
UVM_INFO ./uvm/tests/fifo_sb.sv(52) @ 345: uvm_test_top.sb [fifo_sb.run_phase] get one data from we_q: 185
UVM_INFO ./uvm/tests/fifo_sb.sv(58) @ 345: uvm_test_top.sb [fifo_sb.run_phase] Correct: we_data: 185, re_data: 185
UVM_INFO ./uvm/re_agent/dut_re_seq.sv(25) @ 345: uvm_test_top.env.re_agent.re_seqr@@re_seq [dut_re_seq] get one data from fifo: 185
UVM_INFO /opt/coe/synopsys/vcs/Q-2020.03-SP2-12/etc/uvm-1.2/base/uvm_objection.svh(1276) @ 345: reporter [TEST_DONE] 'run' phase is ready to proceed to the 'extract' phase
UVM_INFO ./uvm/tests/fifo_sb.sv(75) @ 345: uvm_test_top.sb [fifo_sb.report_phase] Success: run_num: 10
UVM_INFO /opt/coe/synopsys/vcs/Q-2020.03-SP2-12/etc/uvm-1.2/base/uvm_report_catcher.svh(705) @ 345: reporter [UVM/REPORT/CATCHER] 
--- UVM Report catcher Summary ---


Number of demoted UVM_FATAL reports  :    0
Number of demoted UVM_ERROR reports  :    0
Number of demoted UVM_WARNING reports:    0
Number of caught UVM_FATAL reports   :    0
Number of caught UVM_ERROR reports   :    0
Number of caught UVM_WARNING reports :    0

UVM_INFO /opt/coe/synopsys/vcs/Q-2020.03-SP2-12/etc/uvm-1.2/base/uvm_report_server.svh(894) @ 345: reporter [UVM/REPORT/SERVER] 
--- UVM Report Summary ---

** Report counts by severity
UVM_INFO :  172
UVM_WARNING :    0
UVM_ERROR :    0
UVM_FATAL :    0
** Report counts by id
[RNTST]     1
[TEST_DONE]     1
[UVM/RELNOTES]     1
[UVM/REPORT/CATCHER]     1
[dut_re_driver]    32
[dut_re_mon]    11
[dut_re_seq]    10
[dut_test1]     1
[dut_test1.re_task]    10
[dut_test1.we_task]    10
[dut_we_driver]    21
[dut_we_mon]    11
[dut_we_seq]    10
[fifo_sb]     1
[fifo_sb.report_phase]     1
[fifo_sb.run_phase]    30
[fifo_sb.write_re]    10
[fifo_sb.write_we]    10

$finish called from file "/opt/coe/synopsys/vcs/Q-2020.03-SP2-12/etc/uvm-1.2/base/uvm_root.svh", line 527.
$finish at simulation time                  345
Simulation complete, time is 345.
uvm_root.svh, 527 :     $finish;
           V C S   S i m u l a t i o n   R e p o r t 
Time: 345
CPU Time:      2.050 seconds;       Data structure size:   0.6Mb
Tue Mar  7 17:24:48 2023
debExit
