Command: /home/grads/c/caspium/lab-1-Caspium/vcs_uvm/simv +UVM_TESTNAME=dut_test1 -sml=verdi +fsdb+gate=off -ucli2Proc -ucli -l /home/grads/c/caspium/lab-1-Caspium/vcs_uvm/verdiLog/sim.log
Warning : License for product VCSRuntime_Net(725) will expire within 28 days, on: 03-apr-2023.
If you would like to temporarily disable this message, set 
 the VCS_LIC_EXPIRE_WARNING environment variable to the number of days
before expiration that you want this message to start (the minimum is 0).
Chronologic VCS simulator copyright 1991-2020
Contains Synopsys proprietary information.
Compiler version Q-2020.03-SP2-12_Full64; Runtime version Q-2020.03-SP2-12_Full64;  Mar  7 17:19 2023
<slp!&*()_+>
UVM_INFO /opt/coe/synopsys/vcs/Q-2020.03-SP2-12/etc/uvm-1.2/base/uvm_root.svh(402) @ 0: reporter [UVM/RELNOTES] 
----------------------------------------------------------------
UVM-1.2.Synopsys
(C) 2007-2014 Mentor Graphics Corporation
(C) 2007-2014 Cadence Design Systems, Inc.
(C) 2006-2014 Synopsys, Inc.
(C) 2011-2013 Cypress Semiconductor Corp.
(C) 2013-2014 NVIDIA Corporation
----------------------------------------------------------------
  ***********       IMPORTANT RELEASE NOTES         ************
  You are using a version of the UVM library that has been compiled
  with `UVM_NO_DEPRECATED undefined.
  See http://www.eda.org/svdb/view.php?id=3313 for more details.
  You are using a version of the UVM library that has been compiled
  with `UVM_OBJECT_DO_NOT_NEED_CONSTRUCTOR undefined.
  See http://www.eda.org/svdb/view.php?id=3770 for more details.
      (Specify +UVM_NO_RELNOTES to turn off this notice)
<slb!&*()_+>---<sls!&*()_+>loc: -1<sls!&*()_+>src: /opt/coe/synopsys/vcs/Q-2020.03-SP2-12/etc/uvm-1.2/base/uvm_root.svh<sls!&*()_+>line: 402<sls!&*()_+>time: 0<sls!&*()_+>length: 0<sls!&*()_+>...<sls!&*()_+><sle!&*()_+>

ucli% synUtils::getArch
linux64
ucli% loaddl -simv /opt/coe/synopsys/verdi/Q-2020.03-SP2-12/share/PLI/VCS/LINUXAMD64/libnovas.so LoadFSDBDumpCmd;LoadFSDBDumpCmd
LoadFSDBDumpCmd success
ucli% config ckptfsdbcheck off;config endofsim noexit;config onfail {enable all};config followactivescope on;catch {setUcliVerdiConnected};set watch::resultTagsForVerdiBP {<ucli_break_bp_status_begin> <ucli_break_bp_status_end>};cbug::config pretty_print auto;fsdbDumpfile {/home/grads/c/caspium/lab-1-Caspium/vcs_uvm/inter.fsdb} ;fsdbDumpflush ; 
*Verdi* Loading libsscore_vcs202003.so
FSDB Dumper for VCS, Release Verdi_Q-2020.03-SP2-12, Linux x86_64/64bit, 10/12/2022
(C) 1996 - 2022 by Synopsys, Inc.
*Verdi* : Create FSDB file '/home/grads/c/caspium/lab-1-Caspium/vcs_uvm/inter.fsdb'
*Verdi* : Flush all FSDB Files at 0 s.

ucli% synEnv::hasFataled
0
ucli% ucliCore::getToolPID
2012
ucli% sps_interactive
*Verdi* : Enable RPC Server(2012)

ucli% ucliCore::getToolPID
2012
ucli% ucliCore::getToolPID
2012
ucli% if {[catch {ucliCore::setFocus tool}]} {}

ucli% puts $ucliCore::nativeUcliMode
0

ucli% ucliCore::getToolTopPID
2012
ucli% pid
2024
ucli% synUtils::sendTool -active {_icl_createSharedMemory /tmp/vcs_dve_general.caspium.2012 }

ucli% if { [info vars watch::vcbp_str_len_limit_of_get_value] != ""} {set watch::vcbp_str_len_limit_of_get_value 1024}
1024
ucli% info command stateVerdiChangeCB

ucli% proc stateVerdiChangeCB args { if {$ucliGUI::state eq "terminated"} {puts "\n<VERDI_Terminated>\n";catch {setVerdiSimTerminated}}}

ucli% trace variable ucliGUI::state wu stateVerdiChangeCB

ucli% if {[catch {rename synopsys::restore verdiHack::restore} ]} {puts "0"}

ucli% proc synopsys::restore {args} { verdiHack::restore $args; puts "\n<VERDI_RESTORE>\n"}

ucli% if {[catch {rename quit verdiHack::quit} ]} {puts "0"}

ucli% proc quit {args} { if {[string length $args] == 0} { verdiHack::quit; } elseif {([string equal "-h" $args] == 1)||([string equal "-he" $args] == 1)||([string equal "-hel" $args] == 1)||([string equal "-help" $args] == 1)} { puts "\n quit           # Exit the simulation.\n \[-noprompt\]        (Exit the simulation and Verdi.)\n"} elseif {([string equal "-n" $args] == 1)||([string equal "-no" $args] == 1)||([string equal "-nop" $args] == 1)||([string equal "-nopr" $args] == 1)||([string equal "-nopro" $args] == 1)||([string equal "-noprom" $args] == 1)||([string equal "-nopromp" $args] == 1)||([string equal "-noprompt" $args] == 1)} { puts "\nVERDI_EXIT_N\n" } else { verdiHack::quit $args; } }

ucli% if {[catch {rename exit verdiHack::exit} ]} {puts "0"}

ucli% proc exit {args} { if {[string length $args] == 0} { verdiHack::exit; } elseif {([string equal "-h" $args] == 1)||([string equal "-he" $args] == 1)||([string equal "-hel" $args] == 1)||([string equal "-help" $args] == 1)} { puts "\n exit           # Exit the simulation.\n \[-noprompt\]        (Exit the simulation and Verdi.)\n"} elseif {([string equal "-n" $args] == 1)||([string equal "-no" $args] == 1)||([string equal "-nop" $args] == 1)||([string equal "-nopr" $args] == 1)||([string equal "-nopro" $args] == 1)||([string equal "-noprom" $args] == 1)||([string equal "-nopromp" $args] == 1)||([string equal "-noprompt" $args] == 1)} { puts "\nVERDI_EXIT_N\n" } else { verdiHack::exit $args; } }

ucli% proc checkpoint::beforeRecreate {} { sps_interactive }

ucli% if {[catch {ucliCore::setFocus tool}]} {}

ucli% save::getUserdefinedProcs
::stateVerdiChangeCB ::LoadFSDBDumpCmd
ucli% info procs
ipi_get_str fsdbDumpMDAByFile fsdbDumpMDA echo fsdbDumpMemNow fsdbAutoSwitchDumpfile unknown sps_interactive auto_import stat fsdbDumpfile setenv auto_execok pkg_mkIndex stateVerdiChangeCB fsdbDumpSingle proc_body ipi_begin fsdbDumpoff getenv fsdbDumplimit fsdbDumpPattern ipi_handle fsdbDumpvarsByFile fsdbDumpMDAInScope lminus ipi_sim_get ls auto_load_index proc_args fsdbAddRuntimeSignal fsdbDumpSC print_message_info ridbDump fsdbDumpSVAoff fsdbSuppress fsdbDumpvars help fsdbDumpMDAOnChange ipi_control auto_qualify fsdbDumpMem tclPkgUnknown printenv ipi_handle_by_name helpdoc fsdbDumpMemInScope fsdbDumpFinish is_true fsdbDumpon sh fsdbQueryInfo LoadFSDBDumpCmd fsdbDumpPSL fsdbDumpSVA ipi_end wrapperSpecmanSn fsdbDumpSVAon fsdbDumpClassObjectByFile is_false auto_load fsdbDumpPSLon ipi_get_int64 fsdbSubstituteHier ipi_get_value ipi_iterate exit fsdbDumpMemInFile tclLog fsdbDumpflush get_unix_variable mem_debug ipi_scan fsdbDumpPSLoff fsdbDumpClassObject fsdbDumpvarsToFile set_unix_variable bgerror fsdbDumpStrength clock add_group fsdbSwitchDumpfile source add_wave unsetenv fsdbDumpvarsES readline fsdbDisplay ipi_handle_free set_group ipi_get quit define_proc_attributes tclPkgSetup fsdbDumpMDANow ipi_init_play_tcl fsdbDumpIO
ucli% set ucliCore::resultTagsForVerdi [list <?special_verdi_begin?> <?special_verdi_end?>]
<?special_verdi_begin?> <?special_verdi_end?>
ucli% if {[catch {ucliCore::setFocus tool}]} {}

ucli% fsdbDumpflush 
*Verdi* : Flush all FSDB Files at 0 s.

ucli% senv
activeDomain: Verilog
activeFile: /opt/coe/synopsys/vcs/Q-2020.03-SP2-12/etc/uvm-1.2/uvm_pkg.sv
activeFrame: -1
activeLine: 28
activeScope: uvm_pkg
activeThread: 0
endCol: 0
file: /opt/coe/synopsys/vcs/Q-2020.03-SP2-12/etc/uvm-1.2/uvm_pkg.sv
frame: -1
fsdbFilename: 
hasTB: 1
inputFilename: 
keyFilename: ucli.key
line: 28
logFilename: /home/grads/c/caspium/lab-1-Caspium/vcs_uvm/verdiLog/sim.log
macroIndex: -1
macroOffset: -1
pid: 2012
scope: uvm_pkg
startCol: 0
state: stopped
thread: 0
time: 0
timePrecision: 1 s
vcdFilename: 
vpdFilename:
ucli% puts $::ucliCore::cbug_active
0

ucli% if {[catch {ucliCore::setFocus tool}]} {}

ucli% checkpoint -list -all
There are no checkpoints present.
ucli% stop
No stop points are set
ucli% if {[catch {ucliCore::setFocus tool}]} {}

ucli% run
<slp!&*()_+>
UVM_INFO @ 0: reporter [RNTST] Running test dut_test1...
<slb!&*()_+>---<sls!&*()_+>loc: -1<sls!&*()_+>src: /opt/coe/synopsys/vcs/Q-2020.03-SP2-12/etc/uvm-1.2/base/uvm_root.svh<sls!&*()_+>line: 504<sls!&*()_+>time: 0<sls!&*()_+>length: 0<sls!&*()_+>...<sls!&*()_+><sle!&*()_+>
<slp!&*()_+>
UVM_INFO ./uvm/re_agent/dut_re_mon.sv(14) @ 0: uvm_test_top.env.re_agent.re_monitor [dut_re_mon] Start...
<slb!&*()_+>---<sls!&*()_+>loc: -1<sls!&*()_+>src: ./uvm/re_agent/dut_re_mon.sv<sls!&*()_+>line: 14<sls!&*()_+>time: 0<sls!&*()_+>length: 0<sls!&*()_+>...<sls!&*()_+><sle!&*()_+>
<slp!&*()_+>
UVM_INFO ./uvm/we_agent/dut_we_mon.sv(14) @ 0: uvm_test_top.env.we_agent.we_monitor [dut_we_mon] Start...
<slb!&*()_+>---<sls!&*()_+>loc: -1<sls!&*()_+>src: ./uvm/we_agent/dut_we_mon.sv<sls!&*()_+>line: 14<sls!&*()_+>time: 0<sls!&*()_+>length: 0<sls!&*()_+>...<sls!&*()_+><sle!&*()_+>
<slp!&*()_+>
UVM_INFO ./uvm/tests/fifo_sb.sv(40) @ 0: uvm_test_top.sb [fifo_sb] Starting...
<slb!&*()_+>---<sls!&*()_+>loc: -1<sls!&*()_+>src: ./uvm/tests/fifo_sb.sv<sls!&*()_+>line: 40<sls!&*()_+>time: 0<sls!&*()_+>length: 0<sls!&*()_+>...<sls!&*()_+><sle!&*()_+>
<slp!&*()_+>
UVM_INFO ./uvm/tests/dut_test1.sv(51) @ 0: uvm_test_top [dut_test1] Test is running...
<slb!&*()_+>---<sls!&*()_+>loc: -1<sls!&*()_+>src: ./uvm/tests/dut_test1.sv<sls!&*()_+>line: 51<sls!&*()_+>time: 0<sls!&*()_+>length: 0<sls!&*()_+>...<sls!&*()_+><sle!&*()_+>
<slp!&*()_+>
UVM_INFO ./uvm/tests/dut_test1.sv(14) @ 0: uvm_test_top [dut_test1.we_task] Writing one data...
<slb!&*()_+>---<sls!&*()_+>loc: -1<sls!&*()_+>src: ./uvm/tests/dut_test1.sv<sls!&*()_+>line: 14<sls!&*()_+>time: 0<sls!&*()_+>length: 0<sls!&*()_+>...<sls!&*()_+><sle!&*()_+>
<slp!&*()_+>
UVM_INFO ./uvm/tests/dut_test1.sv(34) @ 0: uvm_test_top [dut_test1.re_task] Reading one data...
<slb!&*()_+>---<sls!&*()_+>loc: -1<sls!&*()_+>src: ./uvm/tests/dut_test1.sv<sls!&*()_+>line: 34<sls!&*()_+>time: 0<sls!&*()_+>length: 0<sls!&*()_+>...<sls!&*()_+><sle!&*()_+>
<slp!&*()_+>
UVM_INFO ./uvm/re_agent/dut_re_driver.sv(14) @ 40: uvm_test_top.env.re_agent.re_driver [dut_re_driver] RSTN is 1'b1
<slb!&*()_+>---<sls!&*()_+>loc: -1<sls!&*()_+>src: ./uvm/re_agent/dut_re_driver.sv<sls!&*()_+>line: 14<sls!&*()_+>time: 40<sls!&*()_+>length: 0<sls!&*()_+>...<sls!&*()_+><sle!&*()_+>
<slp!&*()_+>
UVM_INFO ./uvm/we_agent/dut_we_driver.sv(15) @ 40: uvm_test_top.env.we_agent.we_driver [dut_we_driver] RSTN is 1'b1
<slb!&*()_+>---<sls!&*()_+>loc: -1<sls!&*()_+>src: ./uvm/we_agent/dut_we_driver.sv<sls!&*()_+>line: 15<sls!&*()_+>time: 40<sls!&*()_+>length: 0<sls!&*()_+>...<sls!&*()_+><sle!&*()_+>
<slp!&*()_+>
UVM_INFO ./uvm/we_agent/dut_we_seq.sv(20) @ 40: uvm_test_top.env.we_agent.we_seqr@@we_seq [dut_we_seq] fifo_we_data: fifo data is 1ef
<slb!&*()_+>---<sls!&*()_+>loc: -1<sls!&*()_+>src: /opt/coe/synopsys/vcs/Q-2020.03-SP2-12/etc/uvm-1.2/seq/uvm_sequence_item.svh<sls!&*()_+>line: 439<sls!&*()_+>time: 40<sls!&*()_+>length: 0<sls!&*()_+>...<sls!&*()_+><sle!&*()_+>
<slp!&*()_+>
UVM_INFO ./uvm/we_agent/dut_we_driver.sv(18) @ 40: uvm_test_top.env.we_agent.we_driver [dut_we_driver] WE_DRV gets one data: fifo data is 1ef
<slb!&*()_+>---<sls!&*()_+>loc: -1<sls!&*()_+>src: ./uvm/we_agent/dut_we_driver.sv<sls!&*()_+>line: 18<sls!&*()_+>time: 40<sls!&*()_+>length: 0<sls!&*()_+>...<sls!&*()_+><sle!&*()_+>
<slp!&*()_+>
UVM_INFO ./uvm/re_agent/dut_re_driver.sv(17) @ 40: uvm_test_top.env.re_agent.re_driver [dut_re_driver] RE_DRV starts Reading data
<slb!&*()_+>---<sls!&*()_+>loc: -1<sls!&*()_+>src: ./uvm/re_agent/dut_re_driver.sv<sls!&*()_+>line: 17<sls!&*()_+>time: 40<sls!&*()_+>length: 0<sls!&*()_+>...<sls!&*()_+><sle!&*()_+>
<slp!&*()_+>
UVM_INFO ./uvm/re_agent/dut_re_driver.sv(22) @ 55: uvm_test_top.env.re_agent.re_driver [dut_re_driver] readyout is low
<slb!&*()_+>---<sls!&*()_+>loc: -1<sls!&*()_+>src: ./uvm/re_agent/dut_re_driver.sv<sls!&*()_+>line: 22<sls!&*()_+>time: 55<sls!&*()_+>length: 0<sls!&*()_+>...<sls!&*()_+><sle!&*()_+>
<slp!&*()_+>
UVM_INFO ./uvm/we_agent/dut_we_driver.sv(28) @ 63: uvm_test_top.env.we_agent.we_driver [dut_we_driver] WE_DRV drives one data: fifo data is 1ef
<slb!&*()_+>---<sls!&*()_+>loc: -1<sls!&*()_+>src: ./uvm/we_agent/dut_we_driver.sv<sls!&*()_+>line: 28<sls!&*()_+>time: 63<sls!&*()_+>length: 0<sls!&*()_+>...<sls!&*()_+><sle!&*()_+>
<slp!&*()_+>
UVM_INFO ./uvm/tests/dut_test1.sv(14) @ 63: uvm_test_top [dut_test1.we_task] Writing one data...
<slb!&*()_+>---<sls!&*()_+>loc: -1<sls!&*()_+>src: ./uvm/tests/dut_test1.sv<sls!&*()_+>line: 14<sls!&*()_+>time: 63<sls!&*()_+>length: 0<sls!&*()_+>...<sls!&*()_+><sle!&*()_+>
<slp!&*()_+>
UVM_INFO ./uvm/we_agent/dut_we_seq.sv(20) @ 63: uvm_test_top.env.we_agent.we_seqr@@we_seq [dut_we_seq] fifo_we_data: fifo data is 3f
<slb!&*()_+>---<sls!&*()_+>loc: -1<sls!&*()_+>src: /opt/coe/synopsys/vcs/Q-2020.03-SP2-12/etc/uvm-1.2/seq/uvm_sequence_item.svh<sls!&*()_+>line: 439<sls!&*()_+>time: 63<sls!&*()_+>length: 0<sls!&*()_+>...<sls!&*()_+><sle!&*()_+>
<slp!&*()_+>
UVM_INFO ./uvm/we_agent/dut_we_driver.sv(18) @ 63: uvm_test_top.env.we_agent.we_driver [dut_we_driver] WE_DRV gets one data: fifo data is 3f
<slb!&*()_+>---<sls!&*()_+>loc: -1<sls!&*()_+>src: ./uvm/we_agent/dut_we_driver.sv<sls!&*()_+>line: 18<sls!&*()_+>time: 63<sls!&*()_+>length: 0<sls!&*()_+>...<sls!&*()_+><sle!&*()_+>
<slp!&*()_+>
UVM_INFO ./uvm/re_agent/dut_re_driver.sv(22) @ 65: uvm_test_top.env.re_agent.re_driver [dut_re_driver] readyout is low
<slb!&*()_+>---<sls!&*()_+>loc: -1<sls!&*()_+>src: ./uvm/re_agent/dut_re_driver.sv<sls!&*()_+>line: 22<sls!&*()_+>time: 65<sls!&*()_+>length: 0<sls!&*()_+>...<sls!&*()_+><sle!&*()_+>
<slp!&*()_+>
UVM_INFO ./uvm/re_agent/dut_re_driver.sv(22) @ 75: uvm_test_top.env.re_agent.re_driver [dut_re_driver] readyout is low
<slb!&*()_+>---<sls!&*()_+>loc: -1<sls!&*()_+>src: ./uvm/re_agent/dut_re_driver.sv<sls!&*()_+>line: 22<sls!&*()_+>time: 75<sls!&*()_+>length: 0<sls!&*()_+>...<sls!&*()_+><sle!&*()_+>
<slp!&*()_+>
UVM_INFO ./uvm/we_agent/dut_we_mon.sv(26) @ 77: uvm_test_top.env.we_agent.we_monitor [dut_we_mon] WE_MON gets one data: fifo data is 1ef
<slb!&*()_+>---<sls!&*()_+>loc: -1<sls!&*()_+>src: ./uvm/we_agent/dut_we_mon.sv<sls!&*()_+>line: 26<sls!&*()_+>time: 77<sls!&*()_+>length: 0<sls!&*()_+>...<sls!&*()_+><sle!&*()_+>
<slp!&*()_+>
UVM_INFO ./uvm/tests/fifo_sb.sv(26) @ 77: uvm_test_top.sb [fifo_sb.write_we] fifo_sb got one data from WE: fifo data is 1ef
<slb!&*()_+>---<sls!&*()_+>loc: -1<sls!&*()_+>src: ./uvm/tests/fifo_sb.sv<sls!&*()_+>line: 26<sls!&*()_+>time: 77<sls!&*()_+>length: 0<sls!&*()_+>...<sls!&*()_+><sle!&*()_+>
<slp!&*()_+>
UVM_INFO ./uvm/re_agent/dut_re_mon.sv(26) @ 85: uvm_test_top.env.re_agent.re_monitor [dut_re_mon] WE_MON gets one data: fifo data is 1ef
<slb!&*()_+>---<sls!&*()_+>loc: -1<sls!&*()_+>src: ./uvm/re_agent/dut_re_mon.sv<sls!&*()_+>line: 26<sls!&*()_+>time: 85<sls!&*()_+>length: 0<sls!&*()_+>...<sls!&*()_+><sle!&*()_+>
<slp!&*()_+>
UVM_INFO ./uvm/tests/fifo_sb.sv(31) @ 85: uvm_test_top.sb [fifo_sb.write_re] fifo_sb got one data from RE: fifo data is 1ef
<slb!&*()_+>---<sls!&*()_+>loc: -1<sls!&*()_+>src: ./uvm/tests/fifo_sb.sv<sls!&*()_+>line: 31<sls!&*()_+>time: 85<sls!&*()_+>length: 0<sls!&*()_+>...<sls!&*()_+><sle!&*()_+>
<slp!&*()_+>
UVM_INFO ./uvm/re_agent/dut_re_driver.sv(29) @ 85: uvm_test_top.env.re_agent.re_driver [dut_re_driver] RE_DRV gets one data: fifo data is 1ef
<slb!&*()_+>---<sls!&*()_+>loc: -1<sls!&*()_+>src: ./uvm/re_agent/dut_re_driver.sv<sls!&*()_+>line: 29<sls!&*()_+>time: 85<sls!&*()_+>length: 0<sls!&*()_+>...<sls!&*()_+><sle!&*()_+>
<slp!&*()_+>
UVM_INFO ./uvm/tests/fifo_sb.sv(44) @ 85: uvm_test_top.sb [fifo_sb.run_phase] get one data from re_q: 1ef
<slb!&*()_+>---<sls!&*()_+>loc: -1<sls!&*()_+>src: ./uvm/tests/fifo_sb.sv<sls!&*()_+>line: 44<sls!&*()_+>time: 85<sls!&*()_+>length: 0<sls!&*()_+>...<sls!&*()_+><sle!&*()_+>
<slp!&*()_+>
UVM_INFO ./uvm/tests/fifo_sb.sv(52) @ 85: uvm_test_top.sb [fifo_sb.run_phase] get one data from we_q: 1ef
<slb!&*()_+>---<sls!&*()_+>loc: -1<sls!&*()_+>src: ./uvm/tests/fifo_sb.sv<sls!&*()_+>line: 52<sls!&*()_+>time: 85<sls!&*()_+>length: 0<sls!&*()_+>...<sls!&*()_+><sle!&*()_+>
<slp!&*()_+>
UVM_INFO ./uvm/tests/fifo_sb.sv(58) @ 85: uvm_test_top.sb [fifo_sb.run_phase] Correct: we_data: 1ef, re_data: 1ef
<slb!&*()_+>---<sls!&*()_+>loc: -1<sls!&*()_+>src: ./uvm/tests/fifo_sb.sv<sls!&*()_+>line: 58<sls!&*()_+>time: 85<sls!&*()_+>length: 0<sls!&*()_+>...<sls!&*()_+><sle!&*()_+>
<slp!&*()_+>
UVM_INFO ./uvm/re_agent/dut_re_seq.sv(25) @ 85: uvm_test_top.env.re_agent.re_seqr@@re_seq [dut_re_seq] get one data from fifo: 1ef
<slb!&*()_+>---<sls!&*()_+>loc: -1<sls!&*()_+>src: /opt/coe/synopsys/vcs/Q-2020.03-SP2-12/etc/uvm-1.2/seq/uvm_sequence_item.svh<sls!&*()_+>line: 439<sls!&*()_+>time: 85<sls!&*()_+>length: 0<sls!&*()_+>...<sls!&*()_+><sle!&*()_+>
<slp!&*()_+>
UVM_INFO ./uvm/tests/dut_test1.sv(34) @ 85: uvm_test_top [dut_test1.re_task] Reading one data...
<slb!&*()_+>---<sls!&*()_+>loc: -1<sls!&*()_+>src: ./uvm/tests/dut_test1.sv<sls!&*()_+>line: 34<sls!&*()_+>time: 85<sls!&*()_+>length: 0<sls!&*()_+>...<sls!&*()_+><sle!&*()_+>
<slp!&*()_+>
UVM_INFO ./uvm/re_agent/dut_re_driver.sv(17) @ 85: uvm_test_top.env.re_agent.re_driver [dut_re_driver] RE_DRV starts Reading data
<slb!&*()_+>---<sls!&*()_+>loc: -1<sls!&*()_+>src: ./uvm/re_agent/dut_re_driver.sv<sls!&*()_+>line: 17<sls!&*()_+>time: 85<sls!&*()_+>length: 0<sls!&*()_+>...<sls!&*()_+><sle!&*()_+>
<slp!&*()_+>
UVM_INFO ./uvm/we_agent/dut_we_driver.sv(28) @ 91: uvm_test_top.env.we_agent.we_driver [dut_we_driver] WE_DRV drives one data: fifo data is 3f
<slb!&*()_+>---<sls!&*()_+>loc: -1<sls!&*()_+>src: ./uvm/we_agent/dut_we_driver.sv<sls!&*()_+>line: 28<sls!&*()_+>time: 91<sls!&*()_+>length: 0<sls!&*()_+>...<sls!&*()_+><sle!&*()_+>
<slp!&*()_+>
UVM_INFO ./uvm/tests/dut_test1.sv(14) @ 91: uvm_test_top [dut_test1.we_task] Writing one data...
<slb!&*()_+>---<sls!&*()_+>loc: -1<sls!&*()_+>src: ./uvm/tests/dut_test1.sv<sls!&*()_+>line: 14<sls!&*()_+>time: 91<sls!&*()_+>length: 0<sls!&*()_+>...<sls!&*()_+><sle!&*()_+>
<slp!&*()_+>
UVM_INFO ./uvm/we_agent/dut_we_seq.sv(20) @ 91: uvm_test_top.env.we_agent.we_seqr@@we_seq [dut_we_seq] fifo_we_data: fifo data is 176
<slb!&*()_+>---<sls!&*()_+>loc: -1<sls!&*()_+>src: /opt/coe/synopsys/vcs/Q-2020.03-SP2-12/etc/uvm-1.2/seq/uvm_sequence_item.svh<sls!&*()_+>line: 439<sls!&*()_+>time: 91<sls!&*()_+>length: 0<sls!&*()_+>...<sls!&*()_+><sle!&*()_+>
<slp!&*()_+>
UVM_INFO ./uvm/we_agent/dut_we_driver.sv(18) @ 91: uvm_test_top.env.we_agent.we_driver [dut_we_driver] WE_DRV gets one data: fifo data is 176
<slb!&*()_+>---<sls!&*()_+>loc: -1<sls!&*()_+>src: ./uvm/we_agent/dut_we_driver.sv<sls!&*()_+>line: 18<sls!&*()_+>time: 91<sls!&*()_+>length: 0<sls!&*()_+>...<sls!&*()_+><sle!&*()_+>
<slp!&*()_+>
UVM_INFO ./uvm/we_agent/dut_we_mon.sv(26) @ 105: uvm_test_top.env.we_agent.we_monitor [dut_we_mon] WE_MON gets one data: fifo data is 3f
<slb!&*()_+>---<sls!&*()_+>loc: -1<sls!&*()_+>src: ./uvm/we_agent/dut_we_mon.sv<sls!&*()_+>line: 26<sls!&*()_+>time: 105<sls!&*()_+>length: 0<sls!&*()_+>...<sls!&*()_+><sle!&*()_+>
<slp!&*()_+>
UVM_INFO ./uvm/tests/fifo_sb.sv(26) @ 105: uvm_test_top.sb [fifo_sb.write_we] fifo_sb got one data from WE: fifo data is 3f
<slb!&*()_+>---<sls!&*()_+>loc: -1<sls!&*()_+>src: ./uvm/tests/fifo_sb.sv<sls!&*()_+>line: 26<sls!&*()_+>time: 105<sls!&*()_+>length: 0<sls!&*()_+>...<sls!&*()_+><sle!&*()_+>
<slp!&*()_+>
UVM_INFO ./uvm/re_agent/dut_re_driver.sv(22) @ 105: uvm_test_top.env.re_agent.re_driver [dut_re_driver] readyout is low
<slb!&*()_+>---<sls!&*()_+>loc: -1<sls!&*()_+>src: ./uvm/re_agent/dut_re_driver.sv<sls!&*()_+>line: 22<sls!&*()_+>time: 105<sls!&*()_+>length: 0<sls!&*()_+>...<sls!&*()_+><sle!&*()_+>
<slp!&*()_+>
UVM_INFO ./uvm/re_agent/dut_re_mon.sv(26) @ 115: uvm_test_top.env.re_agent.re_monitor [dut_re_mon] WE_MON gets one data: fifo data is 3f
<slb!&*()_+>---<sls!&*()_+>loc: -1<sls!&*()_+>src: ./uvm/re_agent/dut_re_mon.sv<sls!&*()_+>line: 26<sls!&*()_+>time: 115<sls!&*()_+>length: 0<sls!&*()_+>...<sls!&*()_+><sle!&*()_+>
<slp!&*()_+>
UVM_INFO ./uvm/tests/fifo_sb.sv(31) @ 115: uvm_test_top.sb [fifo_sb.write_re] fifo_sb got one data from RE: fifo data is 3f
<slb!&*()_+>---<sls!&*()_+>loc: -1<sls!&*()_+>src: ./uvm/tests/fifo_sb.sv<sls!&*()_+>line: 31<sls!&*()_+>time: 115<sls!&*()_+>length: 0<sls!&*()_+>...<sls!&*()_+><sle!&*()_+>
<slp!&*()_+>
UVM_INFO ./uvm/re_agent/dut_re_driver.sv(29) @ 115: uvm_test_top.env.re_agent.re_driver [dut_re_driver] RE_DRV gets one data: fifo data is 3f
<slb!&*()_+>---<sls!&*()_+>loc: -1<sls!&*()_+>src: ./uvm/re_agent/dut_re_driver.sv<sls!&*()_+>line: 29<sls!&*()_+>time: 115<sls!&*()_+>length: 0<sls!&*()_+>...<sls!&*()_+><sle!&*()_+>
<slp!&*()_+>
UVM_INFO ./uvm/tests/fifo_sb.sv(44) @ 115: uvm_test_top.sb [fifo_sb.run_phase] get one data from re_q: 3f
<slb!&*()_+>---<sls!&*()_+>loc: -1<sls!&*()_+>src: ./uvm/tests/fifo_sb.sv<sls!&*()_+>line: 44<sls!&*()_+>time: 115<sls!&*()_+>length: 0<sls!&*()_+>...<sls!&*()_+><sle!&*()_+>
<slp!&*()_+>
UVM_INFO ./uvm/tests/fifo_sb.sv(52) @ 115: uvm_test_top.sb [fifo_sb.run_phase] get one data from we_q: 3f
<slb!&*()_+>---<sls!&*()_+>loc: -1<sls!&*()_+>src: ./uvm/tests/fifo_sb.sv<sls!&*()_+>line: 52<sls!&*()_+>time: 115<sls!&*()_+>length: 0<sls!&*()_+>...<sls!&*()_+><sle!&*()_+>
<slp!&*()_+>
UVM_INFO ./uvm/tests/fifo_sb.sv(58) @ 115: uvm_test_top.sb [fifo_sb.run_phase] Correct: we_data: 3f, re_data: 3f
<slb!&*()_+>---<sls!&*()_+>loc: -1<sls!&*()_+>src: ./uvm/tests/fifo_sb.sv<sls!&*()_+>line: 58<sls!&*()_+>time: 115<sls!&*()_+>length: 0<sls!&*()_+>...<sls!&*()_+><sle!&*()_+>
<slp!&*()_+>
UVM_INFO ./uvm/re_agent/dut_re_seq.sv(25) @ 115: uvm_test_top.env.re_agent.re_seqr@@re_seq [dut_re_seq] get one data from fifo: 3f
<slb!&*()_+>---<sls!&*()_+>loc: -1<sls!&*()_+>src: /opt/coe/synopsys/vcs/Q-2020.03-SP2-12/etc/uvm-1.2/seq/uvm_sequence_item.svh<sls!&*()_+>line: 439<sls!&*()_+>time: 115<sls!&*()_+>length: 0<sls!&*()_+>...<sls!&*()_+><sle!&*()_+>
<slp!&*()_+>
UVM_INFO ./uvm/tests/dut_test1.sv(34) @ 115: uvm_test_top [dut_test1.re_task] Reading one data...
<slb!&*()_+>---<sls!&*()_+>loc: -1<sls!&*()_+>src: ./uvm/tests/dut_test1.sv<sls!&*()_+>line: 34<sls!&*()_+>time: 115<sls!&*()_+>length: 0<sls!&*()_+>...<sls!&*()_+><sle!&*()_+>
<slp!&*()_+>
UVM_INFO ./uvm/re_agent/dut_re_driver.sv(17) @ 115: uvm_test_top.env.re_agent.re_driver [dut_re_driver] RE_DRV starts Reading data
<slb!&*()_+>---<sls!&*()_+>loc: -1<sls!&*()_+>src: ./uvm/re_agent/dut_re_driver.sv<sls!&*()_+>line: 17<sls!&*()_+>time: 115<sls!&*()_+>length: 0<sls!&*()_+>...<sls!&*()_+><sle!&*()_+>
<slp!&*()_+>
UVM_INFO ./uvm/we_agent/dut_we_driver.sv(28) @ 119: uvm_test_top.env.we_agent.we_driver [dut_we_driver] WE_DRV drives one data: fifo data is 176
<slb!&*()_+>---<sls!&*()_+>loc: -1<sls!&*()_+>src: ./uvm/we_agent/dut_we_driver.sv<sls!&*()_+>line: 28<sls!&*()_+>time: 119<sls!&*()_+>length: 0<sls!&*()_+>...<sls!&*()_+><sle!&*()_+>
<slp!&*()_+>
UVM_INFO ./uvm/tests/dut_test1.sv(14) @ 119: uvm_test_top [dut_test1.we_task] Writing one data...
<slb!&*()_+>---<sls!&*()_+>loc: -1<sls!&*()_+>src: ./uvm/tests/dut_test1.sv<sls!&*()_+>line: 14<sls!&*()_+>time: 119<sls!&*()_+>length: 0<sls!&*()_+>...<sls!&*()_+><sle!&*()_+>
<slp!&*()_+>
UVM_INFO ./uvm/we_agent/dut_we_seq.sv(20) @ 119: uvm_test_top.env.we_agent.we_seqr@@we_seq [dut_we_seq] fifo_we_data: fifo data is fc
<slb!&*()_+>---<sls!&*()_+>loc: -1<sls!&*()_+>src: /opt/coe/synopsys/vcs/Q-2020.03-SP2-12/etc/uvm-1.2/seq/uvm_sequence_item.svh<sls!&*()_+>line: 439<sls!&*()_+>time: 119<sls!&*()_+>length: 0<sls!&*()_+>...<sls!&*()_+><sle!&*()_+>
<slp!&*()_+>
UVM_INFO ./uvm/we_agent/dut_we_driver.sv(18) @ 119: uvm_test_top.env.we_agent.we_driver [dut_we_driver] WE_DRV gets one data: fifo data is fc
<slb!&*()_+>---<sls!&*()_+>loc: -1<sls!&*()_+>src: ./uvm/we_agent/dut_we_driver.sv<sls!&*()_+>line: 18<sls!&*()_+>time: 119<sls!&*()_+>length: 0<sls!&*()_+>...<sls!&*()_+><sle!&*()_+>
<slp!&*()_+>
UVM_INFO ./uvm/we_agent/dut_we_mon.sv(26) @ 133: uvm_test_top.env.we_agent.we_monitor [dut_we_mon] WE_MON gets one data: fifo data is 176
<slb!&*()_+>---<sls!&*()_+>loc: -1<sls!&*()_+>src: ./uvm/we_agent/dut_we_mon.sv<sls!&*()_+>line: 26<sls!&*()_+>time: 133<sls!&*()_+>length: 0<sls!&*()_+>...<sls!&*()_+><sle!&*()_+>
<slp!&*()_+>
UVM_INFO ./uvm/tests/fifo_sb.sv(26) @ 133: uvm_test_top.sb [fifo_sb.write_we] fifo_sb got one data from WE: fifo data is 176
<slb!&*()_+>---<sls!&*()_+>loc: -1<sls!&*()_+>src: ./uvm/tests/fifo_sb.sv<sls!&*()_+>line: 26<sls!&*()_+>time: 133<sls!&*()_+>length: 0<sls!&*()_+>...<sls!&*()_+><sle!&*()_+>
<slp!&*()_+>
UVM_INFO ./uvm/re_agent/dut_re_driver.sv(22) @ 135: uvm_test_top.env.re_agent.re_driver [dut_re_driver] readyout is low
<slb!&*()_+>---<sls!&*()_+>loc: -1<sls!&*()_+>src: ./uvm/re_agent/dut_re_driver.sv<sls!&*()_+>line: 22<sls!&*()_+>time: 135<sls!&*()_+>length: 0<sls!&*()_+>...<sls!&*()_+><sle!&*()_+>
<slp!&*()_+>
UVM_INFO ./uvm/re_agent/dut_re_mon.sv(26) @ 145: uvm_test_top.env.re_agent.re_monitor [dut_re_mon] WE_MON gets one data: fifo data is 176
<slb!&*()_+>---<sls!&*()_+>loc: -1<sls!&*()_+>src: ./uvm/re_agent/dut_re_mon.sv<sls!&*()_+>line: 26<sls!&*()_+>time: 145<sls!&*()_+>length: 0<sls!&*()_+>...<sls!&*()_+><sle!&*()_+>
<slp!&*()_+>
UVM_INFO ./uvm/tests/fifo_sb.sv(31) @ 145: uvm_test_top.sb [fifo_sb.write_re] fifo_sb got one data from RE: fifo data is 176
<slb!&*()_+>---<sls!&*()_+>loc: -1<sls!&*()_+>src: ./uvm/tests/fifo_sb.sv<sls!&*()_+>line: 31<sls!&*()_+>time: 145<sls!&*()_+>length: 0<sls!&*()_+>...<sls!&*()_+><sle!&*()_+>
<slp!&*()_+>
UVM_INFO ./uvm/re_agent/dut_re_driver.sv(29) @ 145: uvm_test_top.env.re_agent.re_driver [dut_re_driver] RE_DRV gets one data: fifo data is 176
<slb!&*()_+>---<sls!&*()_+>loc: -1<sls!&*()_+>src: ./uvm/re_agent/dut_re_driver.sv<sls!&*()_+>line: 29<sls!&*()_+>time: 145<sls!&*()_+>length: 0<sls!&*()_+>...<sls!&*()_+><sle!&*()_+>
<slp!&*()_+>
UVM_INFO ./uvm/tests/fifo_sb.sv(44) @ 145: uvm_test_top.sb [fifo_sb.run_phase] get one data from re_q: 176
<slb!&*()_+>---<sls!&*()_+>loc: -1<sls!&*()_+>src: ./uvm/tests/fifo_sb.sv<sls!&*()_+>line: 44<sls!&*()_+>time: 145<sls!&*()_+>length: 0<sls!&*()_+>...<sls!&*()_+><sle!&*()_+>
<slp!&*()_+>
UVM_INFO ./uvm/tests/fifo_sb.sv(52) @ 145: uvm_test_top.sb [fifo_sb.run_phase] get one data from we_q: 176
<slb!&*()_+>---<sls!&*()_+>loc: -1<sls!&*()_+>src: ./uvm/tests/fifo_sb.sv<sls!&*()_+>line: 52<sls!&*()_+>time: 145<sls!&*()_+>length: 0<sls!&*()_+>...<sls!&*()_+><sle!&*()_+>
<slp!&*()_+>
UVM_INFO ./uvm/tests/fifo_sb.sv(58) @ 145: uvm_test_top.sb [fifo_sb.run_phase] Correct: we_data: 176, re_data: 176
<slb!&*()_+>---<sls!&*()_+>loc: -1<sls!&*()_+>src: ./uvm/tests/fifo_sb.sv<sls!&*()_+>line: 58<sls!&*()_+>time: 145<sls!&*()_+>length: 0<sls!&*()_+>...<sls!&*()_+><sle!&*()_+>
<slp!&*()_+>
UVM_INFO ./uvm/re_agent/dut_re_seq.sv(25) @ 145: uvm_test_top.env.re_agent.re_seqr@@re_seq [dut_re_seq] get one data from fifo: 176
<slb!&*()_+>---<sls!&*()_+>loc: -1<sls!&*()_+>src: /opt/coe/synopsys/vcs/Q-2020.03-SP2-12/etc/uvm-1.2/seq/uvm_sequence_item.svh<sls!&*()_+>line: 439<sls!&*()_+>time: 145<sls!&*()_+>length: 0<sls!&*()_+>...<sls!&*()_+><sle!&*()_+>
<slp!&*()_+>
UVM_INFO ./uvm/tests/dut_test1.sv(34) @ 145: uvm_test_top [dut_test1.re_task] Reading one data...
<slb!&*()_+>---<sls!&*()_+>loc: -1<sls!&*()_+>src: ./uvm/tests/dut_test1.sv<sls!&*()_+>line: 34<sls!&*()_+>time: 145<sls!&*()_+>length: 0<sls!&*()_+>...<sls!&*()_+><sle!&*()_+>
<slp!&*()_+>
UVM_INFO ./uvm/re_agent/dut_re_driver.sv(17) @ 145: uvm_test_top.env.re_agent.re_driver [dut_re_driver] RE_DRV starts Reading data
<slb!&*()_+>---<sls!&*()_+>loc: -1<sls!&*()_+>src: ./uvm/re_agent/dut_re_driver.sv<sls!&*()_+>line: 17<sls!&*()_+>time: 145<sls!&*()_+>length: 0<sls!&*()_+>...<sls!&*()_+><sle!&*()_+>
<slp!&*()_+>
UVM_INFO ./uvm/we_agent/dut_we_driver.sv(28) @ 147: uvm_test_top.env.we_agent.we_driver [dut_we_driver] WE_DRV drives one data: fifo data is fc
<slb!&*()_+>---<sls!&*()_+>loc: -1<sls!&*()_+>src: ./uvm/we_agent/dut_we_driver.sv<sls!&*()_+>line: 28<sls!&*()_+>time: 147<sls!&*()_+>length: 0<sls!&*()_+>...<sls!&*()_+><sle!&*()_+>
<slp!&*()_+>
UVM_INFO ./uvm/tests/dut_test1.sv(14) @ 147: uvm_test_top [dut_test1.we_task] Writing one data...
<slb!&*()_+>---<sls!&*()_+>loc: -1<sls!&*()_+>src: ./uvm/tests/dut_test1.sv<sls!&*()_+>line: 14<sls!&*()_+>time: 147<sls!&*()_+>length: 0<sls!&*()_+>...<sls!&*()_+><sle!&*()_+>
<slp!&*()_+>
UVM_INFO ./uvm/we_agent/dut_we_seq.sv(20) @ 147: uvm_test_top.env.we_agent.we_seqr@@we_seq [dut_we_seq] fifo_we_data: fifo data is 59
<slb!&*()_+>---<sls!&*()_+>loc: -1<sls!&*()_+>src: /opt/coe/synopsys/vcs/Q-2020.03-SP2-12/etc/uvm-1.2/seq/uvm_sequence_item.svh<sls!&*()_+>line: 439<sls!&*()_+>time: 147<sls!&*()_+>length: 0<sls!&*()_+>...<sls!&*()_+><sle!&*()_+>
<slp!&*()_+>
UVM_INFO ./uvm/we_agent/dut_we_driver.sv(18) @ 147: uvm_test_top.env.we_agent.we_driver [dut_we_driver] WE_DRV gets one data: fifo data is 59
<slb!&*()_+>---<sls!&*()_+>loc: -1<sls!&*()_+>src: ./uvm/we_agent/dut_we_driver.sv<sls!&*()_+>line: 18<sls!&*()_+>time: 147<sls!&*()_+>length: 0<sls!&*()_+>...<sls!&*()_+><sle!&*()_+>
<slp!&*()_+>
UVM_INFO ./uvm/we_agent/dut_we_mon.sv(26) @ 161: uvm_test_top.env.we_agent.we_monitor [dut_we_mon] WE_MON gets one data: fifo data is fc
<slb!&*()_+>---<sls!&*()_+>loc: -1<sls!&*()_+>src: ./uvm/we_agent/dut_we_mon.sv<sls!&*()_+>line: 26<sls!&*()_+>time: 161<sls!&*()_+>length: 0<sls!&*()_+>...<sls!&*()_+><sle!&*()_+>
<slp!&*()_+>
UVM_INFO ./uvm/tests/fifo_sb.sv(26) @ 161: uvm_test_top.sb [fifo_sb.write_we] fifo_sb got one data from WE: fifo data is fc
<slb!&*()_+>---<sls!&*()_+>loc: -1<sls!&*()_+>src: ./uvm/tests/fifo_sb.sv<sls!&*()_+>line: 26<sls!&*()_+>time: 161<sls!&*()_+>length: 0<sls!&*()_+>...<sls!&*()_+><sle!&*()_+>
<slp!&*()_+>
UVM_INFO ./uvm/re_agent/dut_re_driver.sv(22) @ 165: uvm_test_top.env.re_agent.re_driver [dut_re_driver] readyout is low
<slb!&*()_+>---<sls!&*()_+>loc: -1<sls!&*()_+>src: ./uvm/re_agent/dut_re_driver.sv<sls!&*()_+>line: 22<sls!&*()_+>time: 165<sls!&*()_+>length: 0<sls!&*()_+>...<sls!&*()_+><sle!&*()_+>
<slp!&*()_+>
UVM_INFO ./uvm/we_agent/dut_we_driver.sv(28) @ 175: uvm_test_top.env.we_agent.we_driver [dut_we_driver] WE_DRV drives one data: fifo data is 59
<slb!&*()_+>---<sls!&*()_+>loc: -1<sls!&*()_+>src: ./uvm/we_agent/dut_we_driver.sv<sls!&*()_+>line: 28<sls!&*()_+>time: 175<sls!&*()_+>length: 0<sls!&*()_+>...<sls!&*()_+><sle!&*()_+>
<slp!&*()_+>
UVM_INFO ./uvm/re_agent/dut_re_mon.sv(26) @ 175: uvm_test_top.env.re_agent.re_monitor [dut_re_mon] WE_MON gets one data: fifo data is fc
<slb!&*()_+>---<sls!&*()_+>loc: -1<sls!&*()_+>src: ./uvm/re_agent/dut_re_mon.sv<sls!&*()_+>line: 26<sls!&*()_+>time: 175<sls!&*()_+>length: 0<sls!&*()_+>...<sls!&*()_+><sle!&*()_+>
<slp!&*()_+>
UVM_INFO ./uvm/tests/fifo_sb.sv(31) @ 175: uvm_test_top.sb [fifo_sb.write_re] fifo_sb got one data from RE: fifo data is fc
<slb!&*()_+>---<sls!&*()_+>loc: -1<sls!&*()_+>src: ./uvm/tests/fifo_sb.sv<sls!&*()_+>line: 31<sls!&*()_+>time: 175<sls!&*()_+>length: 0<sls!&*()_+>...<sls!&*()_+><sle!&*()_+>
<slp!&*()_+>
UVM_INFO ./uvm/re_agent/dut_re_driver.sv(29) @ 175: uvm_test_top.env.re_agent.re_driver [dut_re_driver] RE_DRV gets one data: fifo data is fc
<slb!&*()_+>---<sls!&*()_+>loc: -1<sls!&*()_+>src: ./uvm/re_agent/dut_re_driver.sv<sls!&*()_+>line: 29<sls!&*()_+>time: 175<sls!&*()_+>length: 0<sls!&*()_+>...<sls!&*()_+><sle!&*()_+>
<slp!&*()_+>
UVM_INFO ./uvm/tests/fifo_sb.sv(44) @ 175: uvm_test_top.sb [fifo_sb.run_phase] get one data from re_q: fc
<slb!&*()_+>---<sls!&*()_+>loc: -1<sls!&*()_+>src: ./uvm/tests/fifo_sb.sv<sls!&*()_+>line: 44<sls!&*()_+>time: 175<sls!&*()_+>length: 0<sls!&*()_+>...<sls!&*()_+><sle!&*()_+>
<slp!&*()_+>
UVM_INFO ./uvm/tests/fifo_sb.sv(52) @ 175: uvm_test_top.sb [fifo_sb.run_phase] get one data from we_q: fc
<slb!&*()_+>---<sls!&*()_+>loc: -1<sls!&*()_+>src: ./uvm/tests/fifo_sb.sv<sls!&*()_+>line: 52<sls!&*()_+>time: 175<sls!&*()_+>length: 0<sls!&*()_+>...<sls!&*()_+><sle!&*()_+>
<slp!&*()_+>
UVM_INFO ./uvm/tests/fifo_sb.sv(58) @ 175: uvm_test_top.sb [fifo_sb.run_phase] Correct: we_data: fc, re_data: fc
<slb!&*()_+>---<sls!&*()_+>loc: -1<sls!&*()_+>src: ./uvm/tests/fifo_sb.sv<sls!&*()_+>line: 58<sls!&*()_+>time: 175<sls!&*()_+>length: 0<sls!&*()_+>...<sls!&*()_+><sle!&*()_+>
<slp!&*()_+>
UVM_INFO ./uvm/re_agent/dut_re_seq.sv(25) @ 175: uvm_test_top.env.re_agent.re_seqr@@re_seq [dut_re_seq] get one data from fifo: fc
<slb!&*()_+>---<sls!&*()_+>loc: -1<sls!&*()_+>src: /opt/coe/synopsys/vcs/Q-2020.03-SP2-12/etc/uvm-1.2/seq/uvm_sequence_item.svh<sls!&*()_+>line: 439<sls!&*()_+>time: 175<sls!&*()_+>length: 0<sls!&*()_+>...<sls!&*()_+><sle!&*()_+>
<slp!&*()_+>
UVM_INFO ./uvm/tests/dut_test1.sv(14) @ 175: uvm_test_top [dut_test1.we_task] Writing one data...
<slb!&*()_+>---<sls!&*()_+>loc: -1<sls!&*()_+>src: ./uvm/tests/dut_test1.sv<sls!&*()_+>line: 14<sls!&*()_+>time: 175<sls!&*()_+>length: 0<sls!&*()_+>...<sls!&*()_+><sle!&*()_+>
<slp!&*()_+>
UVM_INFO ./uvm/tests/dut_test1.sv(34) @ 175: uvm_test_top [dut_test1.re_task] Reading one data...
<slb!&*()_+>---<sls!&*()_+>loc: -1<sls!&*()_+>src: ./uvm/tests/dut_test1.sv<sls!&*()_+>line: 34<sls!&*()_+>time: 175<sls!&*()_+>length: 0<sls!&*()_+>...<sls!&*()_+><sle!&*()_+>
<slp!&*()_+>
UVM_INFO ./uvm/we_agent/dut_we_seq.sv(20) @ 175: uvm_test_top.env.we_agent.we_seqr@@we_seq [dut_we_seq] fifo_we_data: fifo data is 120
<slb!&*()_+>---<sls!&*()_+>loc: -1<sls!&*()_+>src: /opt/coe/synopsys/vcs/Q-2020.03-SP2-12/etc/uvm-1.2/seq/uvm_sequence_item.svh<sls!&*()_+>line: 439<sls!&*()_+>time: 175<sls!&*()_+>length: 0<sls!&*()_+>...<sls!&*()_+><sle!&*()_+>
<slp!&*()_+>
UVM_INFO ./uvm/re_agent/dut_re_driver.sv(17) @ 175: uvm_test_top.env.re_agent.re_driver [dut_re_driver] RE_DRV starts Reading data
<slb!&*()_+>---<sls!&*()_+>loc: -1<sls!&*()_+>src: ./uvm/re_agent/dut_re_driver.sv<sls!&*()_+>line: 17<sls!&*()_+>time: 175<sls!&*()_+>length: 0<sls!&*()_+>...<sls!&*()_+><sle!&*()_+>
<slp!&*()_+>
UVM_INFO ./uvm/we_agent/dut_we_driver.sv(18) @ 175: uvm_test_top.env.we_agent.we_driver [dut_we_driver] WE_DRV gets one data: fifo data is 120
<slb!&*()_+>---<sls!&*()_+>loc: -1<sls!&*()_+>src: ./uvm/we_agent/dut_we_driver.sv<sls!&*()_+>line: 18<sls!&*()_+>time: 175<sls!&*()_+>length: 0<sls!&*()_+>...<sls!&*()_+><sle!&*()_+>
<slp!&*()_+>
UVM_INFO ./uvm/we_agent/dut_we_mon.sv(26) @ 189: uvm_test_top.env.we_agent.we_monitor [dut_we_mon] WE_MON gets one data: fifo data is 59
<slb!&*()_+>---<sls!&*()_+>loc: -1<sls!&*()_+>src: ./uvm/we_agent/dut_we_mon.sv<sls!&*()_+>line: 26<sls!&*()_+>time: 189<sls!&*()_+>length: 0<sls!&*()_+>...<sls!&*()_+><sle!&*()_+>
<slp!&*()_+>
UVM_INFO ./uvm/tests/fifo_sb.sv(26) @ 189: uvm_test_top.sb [fifo_sb.write_we] fifo_sb got one data from WE: fifo data is 59
<slb!&*()_+>---<sls!&*()_+>loc: -1<sls!&*()_+>src: ./uvm/tests/fifo_sb.sv<sls!&*()_+>line: 26<sls!&*()_+>time: 189<sls!&*()_+>length: 0<sls!&*()_+>...<sls!&*()_+><sle!&*()_+>
<slp!&*()_+>
UVM_INFO ./uvm/re_agent/dut_re_driver.sv(22) @ 195: uvm_test_top.env.re_agent.re_driver [dut_re_driver] readyout is low
<slb!&*()_+>---<sls!&*()_+>loc: -1<sls!&*()_+>src: ./uvm/re_agent/dut_re_driver.sv<sls!&*()_+>line: 22<sls!&*()_+>time: 195<sls!&*()_+>length: 0<sls!&*()_+>...<sls!&*()_+><sle!&*()_+>
<slp!&*()_+>
UVM_INFO ./uvm/we_agent/dut_we_driver.sv(28) @ 203: uvm_test_top.env.we_agent.we_driver [dut_we_driver] WE_DRV drives one data: fifo data is 120
<slb!&*()_+>---<sls!&*()_+>loc: -1<sls!&*()_+>src: ./uvm/we_agent/dut_we_driver.sv<sls!&*()_+>line: 28<sls!&*()_+>time: 203<sls!&*()_+>length: 0<sls!&*()_+>...<sls!&*()_+><sle!&*()_+>
<slp!&*()_+>
UVM_INFO ./uvm/tests/dut_test1.sv(14) @ 203: uvm_test_top [dut_test1.we_task] Writing one data...
<slb!&*()_+>---<sls!&*()_+>loc: -1<sls!&*()_+>src: ./uvm/tests/dut_test1.sv<sls!&*()_+>line: 14<sls!&*()_+>time: 203<sls!&*()_+>length: 0<sls!&*()_+>...<sls!&*()_+><sle!&*()_+>
<slp!&*()_+>
UVM_INFO ./uvm/we_agent/dut_we_seq.sv(20) @ 203: uvm_test_top.env.we_agent.we_seqr@@we_seq [dut_we_seq] fifo_we_data: fifo data is 13b
<slb!&*()_+>---<sls!&*()_+>loc: -1<sls!&*()_+>src: /opt/coe/synopsys/vcs/Q-2020.03-SP2-12/etc/uvm-1.2/seq/uvm_sequence_item.svh<sls!&*()_+>line: 439<sls!&*()_+>time: 203<sls!&*()_+>length: 0<sls!&*()_+>...<sls!&*()_+><sle!&*()_+>
<slp!&*()_+>
UVM_INFO ./uvm/we_agent/dut_we_driver.sv(18) @ 203: uvm_test_top.env.we_agent.we_driver [dut_we_driver] WE_DRV gets one data: fifo data is 13b
<slb!&*()_+>---<sls!&*()_+>loc: -1<sls!&*()_+>src: ./uvm/we_agent/dut_we_driver.sv<sls!&*()_+>line: 18<sls!&*()_+>time: 203<sls!&*()_+>length: 0<sls!&*()_+>...<sls!&*()_+><sle!&*()_+>
<slp!&*()_+>
UVM_INFO ./uvm/re_agent/dut_re_mon.sv(26) @ 205: uvm_test_top.env.re_agent.re_monitor [dut_re_mon] WE_MON gets one data: fifo data is 59
<slb!&*()_+>---<sls!&*()_+>loc: -1<sls!&*()_+>src: ./uvm/re_agent/dut_re_mon.sv<sls!&*()_+>line: 26<sls!&*()_+>time: 205<sls!&*()_+>length: 0<sls!&*()_+>...<sls!&*()_+><sle!&*()_+>
<slp!&*()_+>
UVM_INFO ./uvm/tests/fifo_sb.sv(31) @ 205: uvm_test_top.sb [fifo_sb.write_re] fifo_sb got one data from RE: fifo data is 59
<slb!&*()_+>---<sls!&*()_+>loc: -1<sls!&*()_+>src: ./uvm/tests/fifo_sb.sv<sls!&*()_+>line: 31<sls!&*()_+>time: 205<sls!&*()_+>length: 0<sls!&*()_+>...<sls!&*()_+><sle!&*()_+>
<slp!&*()_+>
UVM_INFO ./uvm/re_agent/dut_re_driver.sv(29) @ 205: uvm_test_top.env.re_agent.re_driver [dut_re_driver] RE_DRV gets one data: fifo data is 59
<slb!&*()_+>---<sls!&*()_+>loc: -1<sls!&*()_+>src: ./uvm/re_agent/dut_re_driver.sv<sls!&*()_+>line: 29<sls!&*()_+>time: 205<sls!&*()_+>length: 0<sls!&*()_+>...<sls!&*()_+><sle!&*()_+>
<slp!&*()_+>
UVM_INFO ./uvm/tests/fifo_sb.sv(44) @ 205: uvm_test_top.sb [fifo_sb.run_phase] get one data from re_q: 59
<slb!&*()_+>---<sls!&*()_+>loc: -1<sls!&*()_+>src: ./uvm/tests/fifo_sb.sv<sls!&*()_+>line: 44<sls!&*()_+>time: 205<sls!&*()_+>length: 0<sls!&*()_+>...<sls!&*()_+><sle!&*()_+>
<slp!&*()_+>
UVM_INFO ./uvm/tests/fifo_sb.sv(52) @ 205: uvm_test_top.sb [fifo_sb.run_phase] get one data from we_q: 59
<slb!&*()_+>---<sls!&*()_+>loc: -1<sls!&*()_+>src: ./uvm/tests/fifo_sb.sv<sls!&*()_+>line: 52<sls!&*()_+>time: 205<sls!&*()_+>length: 0<sls!&*()_+>...<sls!&*()_+><sle!&*()_+>
<slp!&*()_+>
UVM_INFO ./uvm/tests/fifo_sb.sv(58) @ 205: uvm_test_top.sb [fifo_sb.run_phase] Correct: we_data: 59, re_data: 59
<slb!&*()_+>---<sls!&*()_+>loc: -1<sls!&*()_+>src: ./uvm/tests/fifo_sb.sv<sls!&*()_+>line: 58<sls!&*()_+>time: 205<sls!&*()_+>length: 0<sls!&*()_+>...<sls!&*()_+><sle!&*()_+>
<slp!&*()_+>
UVM_INFO ./uvm/re_agent/dut_re_seq.sv(25) @ 205: uvm_test_top.env.re_agent.re_seqr@@re_seq [dut_re_seq] get one data from fifo: 59
<slb!&*()_+>---<sls!&*()_+>loc: -1<sls!&*()_+>src: /opt/coe/synopsys/vcs/Q-2020.03-SP2-12/etc/uvm-1.2/seq/uvm_sequence_item.svh<sls!&*()_+>line: 439<sls!&*()_+>time: 205<sls!&*()_+>length: 0<sls!&*()_+>...<sls!&*()_+><sle!&*()_+>
<slp!&*()_+>
UVM_INFO ./uvm/tests/dut_test1.sv(34) @ 205: uvm_test_top [dut_test1.re_task] Reading one data...
<slb!&*()_+>---<sls!&*()_+>loc: -1<sls!&*()_+>src: ./uvm/tests/dut_test1.sv<sls!&*()_+>line: 34<sls!&*()_+>time: 205<sls!&*()_+>length: 0<sls!&*()_+>...<sls!&*()_+><sle!&*()_+>
<slp!&*()_+>
UVM_INFO ./uvm/re_agent/dut_re_driver.sv(17) @ 205: uvm_test_top.env.re_agent.re_driver [dut_re_driver] RE_DRV starts Reading data
<slb!&*()_+>---<sls!&*()_+>loc: -1<sls!&*()_+>src: ./uvm/re_agent/dut_re_driver.sv<sls!&*()_+>line: 17<sls!&*()_+>time: 205<sls!&*()_+>length: 0<sls!&*()_+>...<sls!&*()_+><sle!&*()_+>
<slp!&*()_+>
UVM_INFO ./uvm/we_agent/dut_we_mon.sv(26) @ 217: uvm_test_top.env.we_agent.we_monitor [dut_we_mon] WE_MON gets one data: fifo data is 120
<slb!&*()_+>---<sls!&*()_+>loc: -1<sls!&*()_+>src: ./uvm/we_agent/dut_we_mon.sv<sls!&*()_+>line: 26<sls!&*()_+>time: 217<sls!&*()_+>length: 0<sls!&*()_+>...<sls!&*()_+><sle!&*()_+>
<slp!&*()_+>
UVM_INFO ./uvm/tests/fifo_sb.sv(26) @ 217: uvm_test_top.sb [fifo_sb.write_we] fifo_sb got one data from WE: fifo data is 120
<slb!&*()_+>---<sls!&*()_+>loc: -1<sls!&*()_+>src: ./uvm/tests/fifo_sb.sv<sls!&*()_+>line: 26<sls!&*()_+>time: 217<sls!&*()_+>length: 0<sls!&*()_+>...<sls!&*()_+><sle!&*()_+>
<slp!&*()_+>
UVM_INFO ./uvm/re_agent/dut_re_driver.sv(29) @ 225: uvm_test_top.env.re_agent.re_driver [dut_re_driver] RE_DRV gets one data: fifo data is 120
<slb!&*()_+>---<sls!&*()_+>loc: -1<sls!&*()_+>src: ./uvm/re_agent/dut_re_driver.sv<sls!&*()_+>line: 29<sls!&*()_+>time: 225<sls!&*()_+>length: 0<sls!&*()_+>...<sls!&*()_+><sle!&*()_+>
<slp!&*()_+>
UVM_INFO ./uvm/re_agent/dut_re_seq.sv(25) @ 225: uvm_test_top.env.re_agent.re_seqr@@re_seq [dut_re_seq] get one data from fifo: 120
<slb!&*()_+>---<sls!&*()_+>loc: -1<sls!&*()_+>src: /opt/coe/synopsys/vcs/Q-2020.03-SP2-12/etc/uvm-1.2/seq/uvm_sequence_item.svh<sls!&*()_+>line: 439<sls!&*()_+>time: 225<sls!&*()_+>length: 0<sls!&*()_+>...<sls!&*()_+><sle!&*()_+>
<slp!&*()_+>
UVM_INFO ./uvm/tests/dut_test1.sv(34) @ 225: uvm_test_top [dut_test1.re_task] Reading one data...
<slb!&*()_+>---<sls!&*()_+>loc: -1<sls!&*()_+>src: ./uvm/tests/dut_test1.sv<sls!&*()_+>line: 34<sls!&*()_+>time: 225<sls!&*()_+>length: 0<sls!&*()_+>...<sls!&*()_+><sle!&*()_+>
<slp!&*()_+>
UVM_INFO ./uvm/re_agent/dut_re_driver.sv(17) @ 225: uvm_test_top.env.re_agent.re_driver [dut_re_driver] RE_DRV starts Reading data
<slb!&*()_+>---<sls!&*()_+>loc: -1<sls!&*()_+>src: ./uvm/re_agent/dut_re_driver.sv<sls!&*()_+>line: 17<sls!&*()_+>time: 225<sls!&*()_+>length: 0<sls!&*()_+>...<sls!&*()_+><sle!&*()_+>
<slp!&*()_+>
UVM_INFO ./uvm/we_agent/dut_we_driver.sv(28) @ 231: uvm_test_top.env.we_agent.we_driver [dut_we_driver] WE_DRV drives one data: fifo data is 13b
<slb!&*()_+>---<sls!&*()_+>loc: -1<sls!&*()_+>src: ./uvm/we_agent/dut_we_driver.sv<sls!&*()_+>line: 28<sls!&*()_+>time: 231<sls!&*()_+>length: 0<sls!&*()_+>...<sls!&*()_+><sle!&*()_+>
<slp!&*()_+>
UVM_INFO ./uvm/tests/dut_test1.sv(14) @ 231: uvm_test_top [dut_test1.we_task] Writing one data...
<slb!&*()_+>---<sls!&*()_+>loc: -1<sls!&*()_+>src: ./uvm/tests/dut_test1.sv<sls!&*()_+>line: 14<sls!&*()_+>time: 231<sls!&*()_+>length: 0<sls!&*()_+>...<sls!&*()_+><sle!&*()_+>
<slp!&*()_+>
UVM_INFO ./uvm/we_agent/dut_we_seq.sv(20) @ 231: uvm_test_top.env.we_agent.we_seqr@@we_seq [dut_we_seq] fifo_we_data: fifo data is 1e5
<slb!&*()_+>---<sls!&*()_+>loc: -1<sls!&*()_+>src: /opt/coe/synopsys/vcs/Q-2020.03-SP2-12/etc/uvm-1.2/seq/uvm_sequence_item.svh<sls!&*()_+>line: 439<sls!&*()_+>time: 231<sls!&*()_+>length: 0<sls!&*()_+>...<sls!&*()_+><sle!&*()_+>
<slp!&*()_+>
UVM_INFO ./uvm/we_agent/dut_we_driver.sv(18) @ 231: uvm_test_top.env.we_agent.we_driver [dut_we_driver] WE_DRV gets one data: fifo data is 1e5
<slb!&*()_+>---<sls!&*()_+>loc: -1<sls!&*()_+>src: ./uvm/we_agent/dut_we_driver.sv<sls!&*()_+>line: 18<sls!&*()_+>time: 231<sls!&*()_+>length: 0<sls!&*()_+>...<sls!&*()_+><sle!&*()_+>
<slp!&*()_+>
UVM_INFO ./uvm/re_agent/dut_re_mon.sv(26) @ 235: uvm_test_top.env.re_agent.re_monitor [dut_re_mon] WE_MON gets one data: fifo data is 120
<slb!&*()_+>---<sls!&*()_+>loc: -1<sls!&*()_+>src: ./uvm/re_agent/dut_re_mon.sv<sls!&*()_+>line: 26<sls!&*()_+>time: 235<sls!&*()_+>length: 0<sls!&*()_+>...<sls!&*()_+><sle!&*()_+>
<slp!&*()_+>
UVM_INFO ./uvm/tests/fifo_sb.sv(31) @ 235: uvm_test_top.sb [fifo_sb.write_re] fifo_sb got one data from RE: fifo data is 120
<slb!&*()_+>---<sls!&*()_+>loc: -1<sls!&*()_+>src: ./uvm/tests/fifo_sb.sv<sls!&*()_+>line: 31<sls!&*()_+>time: 235<sls!&*()_+>length: 0<sls!&*()_+>...<sls!&*()_+><sle!&*()_+>
<slp!&*()_+>
UVM_INFO ./uvm/tests/fifo_sb.sv(44) @ 235: uvm_test_top.sb [fifo_sb.run_phase] get one data from re_q: 120
<slb!&*()_+>---<sls!&*()_+>loc: -1<sls!&*()_+>src: ./uvm/tests/fifo_sb.sv<sls!&*()_+>line: 44<sls!&*()_+>time: 235<sls!&*()_+>length: 0<sls!&*()_+>...<sls!&*()_+><sle!&*()_+>
<slp!&*()_+>
UVM_INFO ./uvm/tests/fifo_sb.sv(52) @ 235: uvm_test_top.sb [fifo_sb.run_phase] get one data from we_q: 120
<slb!&*()_+>---<sls!&*()_+>loc: -1<sls!&*()_+>src: ./uvm/tests/fifo_sb.sv<sls!&*()_+>line: 52<sls!&*()_+>time: 235<sls!&*()_+>length: 0<sls!&*()_+>...<sls!&*()_+><sle!&*()_+>
<slp!&*()_+>
UVM_INFO ./uvm/tests/fifo_sb.sv(58) @ 235: uvm_test_top.sb [fifo_sb.run_phase] Correct: we_data: 120, re_data: 120
<slb!&*()_+>---<sls!&*()_+>loc: -1<sls!&*()_+>src: ./uvm/tests/fifo_sb.sv<sls!&*()_+>line: 58<sls!&*()_+>time: 235<sls!&*()_+>length: 0<sls!&*()_+>...<sls!&*()_+><sle!&*()_+>
<slp!&*()_+>
UVM_INFO ./uvm/we_agent/dut_we_mon.sv(26) @ 245: uvm_test_top.env.we_agent.we_monitor [dut_we_mon] WE_MON gets one data: fifo data is 13b
<slb!&*()_+>---<sls!&*()_+>loc: -1<sls!&*()_+>src: ./uvm/we_agent/dut_we_mon.sv<sls!&*()_+>line: 26<sls!&*()_+>time: 245<sls!&*()_+>length: 0<sls!&*()_+>...<sls!&*()_+><sle!&*()_+>
<slp!&*()_+>
UVM_INFO ./uvm/tests/fifo_sb.sv(26) @ 245: uvm_test_top.sb [fifo_sb.write_we] fifo_sb got one data from WE: fifo data is 13b
<slb!&*()_+>---<sls!&*()_+>loc: -1<sls!&*()_+>src: ./uvm/tests/fifo_sb.sv<sls!&*()_+>line: 26<sls!&*()_+>time: 245<sls!&*()_+>length: 0<sls!&*()_+>...<sls!&*()_+><sle!&*()_+>
<slp!&*()_+>
UVM_INFO ./uvm/re_agent/dut_re_driver.sv(22) @ 245: uvm_test_top.env.re_agent.re_driver [dut_re_driver] readyout is low
<slb!&*()_+>---<sls!&*()_+>loc: -1<sls!&*()_+>src: ./uvm/re_agent/dut_re_driver.sv<sls!&*()_+>line: 22<sls!&*()_+>time: 245<sls!&*()_+>length: 0<sls!&*()_+>...<sls!&*()_+><sle!&*()_+>
<slp!&*()_+>
UVM_INFO ./uvm/re_agent/dut_re_mon.sv(26) @ 255: uvm_test_top.env.re_agent.re_monitor [dut_re_mon] WE_MON gets one data: fifo data is 13b
<slb!&*()_+>---<sls!&*()_+>loc: -1<sls!&*()_+>src: ./uvm/re_agent/dut_re_mon.sv<sls!&*()_+>line: 26<sls!&*()_+>time: 255<sls!&*()_+>length: 0<sls!&*()_+>...<sls!&*()_+><sle!&*()_+>
<slp!&*()_+>
UVM_INFO ./uvm/tests/fifo_sb.sv(31) @ 255: uvm_test_top.sb [fifo_sb.write_re] fifo_sb got one data from RE: fifo data is 13b
<slb!&*()_+>---<sls!&*()_+>loc: -1<sls!&*()_+>src: ./uvm/tests/fifo_sb.sv<sls!&*()_+>line: 31<sls!&*()_+>time: 255<sls!&*()_+>length: 0<sls!&*()_+>...<sls!&*()_+><sle!&*()_+>
<slp!&*()_+>
UVM_INFO ./uvm/re_agent/dut_re_driver.sv(29) @ 255: uvm_test_top.env.re_agent.re_driver [dut_re_driver] RE_DRV gets one data: fifo data is 13b
<slb!&*()_+>---<sls!&*()_+>loc: -1<sls!&*()_+>src: ./uvm/re_agent/dut_re_driver.sv<sls!&*()_+>line: 29<sls!&*()_+>time: 255<sls!&*()_+>length: 0<sls!&*()_+>...<sls!&*()_+><sle!&*()_+>
<slp!&*()_+>
UVM_INFO ./uvm/tests/fifo_sb.sv(44) @ 255: uvm_test_top.sb [fifo_sb.run_phase] get one data from re_q: 13b
<slb!&*()_+>---<sls!&*()_+>loc: -1<sls!&*()_+>src: ./uvm/tests/fifo_sb.sv<sls!&*()_+>line: 44<sls!&*()_+>time: 255<sls!&*()_+>length: 0<sls!&*()_+>...<sls!&*()_+><sle!&*()_+>
<slp!&*()_+>
UVM_INFO ./uvm/tests/fifo_sb.sv(52) @ 255: uvm_test_top.sb [fifo_sb.run_phase] get one data from we_q: 13b
<slb!&*()_+>---<sls!&*()_+>loc: -1<sls!&*()_+>src: ./uvm/tests/fifo_sb.sv<sls!&*()_+>line: 52<sls!&*()_+>time: 255<sls!&*()_+>length: 0<sls!&*()_+>...<sls!&*()_+><sle!&*()_+>
<slp!&*()_+>
UVM_INFO ./uvm/tests/fifo_sb.sv(58) @ 255: uvm_test_top.sb [fifo_sb.run_phase] Correct: we_data: 13b, re_data: 13b
<slb!&*()_+>---<sls!&*()_+>loc: -1<sls!&*()_+>src: ./uvm/tests/fifo_sb.sv<sls!&*()_+>line: 58<sls!&*()_+>time: 255<sls!&*()_+>length: 0<sls!&*()_+>...<sls!&*()_+><sle!&*()_+>
<slp!&*()_+>
UVM_INFO ./uvm/re_agent/dut_re_seq.sv(25) @ 255: uvm_test_top.env.re_agent.re_seqr@@re_seq [dut_re_seq] get one data from fifo: 13b
<slb!&*()_+>---<sls!&*()_+>loc: -1<sls!&*()_+>src: /opt/coe/synopsys/vcs/Q-2020.03-SP2-12/etc/uvm-1.2/seq/uvm_sequence_item.svh<sls!&*()_+>line: 439<sls!&*()_+>time: 255<sls!&*()_+>length: 0<sls!&*()_+>...<sls!&*()_+><sle!&*()_+>
<slp!&*()_+>
UVM_INFO ./uvm/tests/dut_test1.sv(34) @ 255: uvm_test_top [dut_test1.re_task] Reading one data...
<slb!&*()_+>---<sls!&*()_+>loc: -1<sls!&*()_+>src: ./uvm/tests/dut_test1.sv<sls!&*()_+>line: 34<sls!&*()_+>time: 255<sls!&*()_+>length: 0<sls!&*()_+>...<sls!&*()_+><sle!&*()_+>
<slp!&*()_+>
UVM_INFO ./uvm/re_agent/dut_re_driver.sv(17) @ 255: uvm_test_top.env.re_agent.re_driver [dut_re_driver] RE_DRV starts Reading data
<slb!&*()_+>---<sls!&*()_+>loc: -1<sls!&*()_+>src: ./uvm/re_agent/dut_re_driver.sv<sls!&*()_+>line: 17<sls!&*()_+>time: 255<sls!&*()_+>length: 0<sls!&*()_+>...<sls!&*()_+><sle!&*()_+>
<slp!&*()_+>
UVM_INFO ./uvm/we_agent/dut_we_driver.sv(28) @ 259: uvm_test_top.env.we_agent.we_driver [dut_we_driver] WE_DRV drives one data: fifo data is 1e5
<slb!&*()_+>---<sls!&*()_+>loc: -1<sls!&*()_+>src: ./uvm/we_agent/dut_we_driver.sv<sls!&*()_+>line: 28<sls!&*()_+>time: 259<sls!&*()_+>length: 0<sls!&*()_+>...<sls!&*()_+><sle!&*()_+>
<slp!&*()_+>
UVM_INFO ./uvm/tests/dut_test1.sv(14) @ 259: uvm_test_top [dut_test1.we_task] Writing one data...
<slb!&*()_+>---<sls!&*()_+>loc: -1<sls!&*()_+>src: ./uvm/tests/dut_test1.sv<sls!&*()_+>line: 14<sls!&*()_+>time: 259<sls!&*()_+>length: 0<sls!&*()_+>...<sls!&*()_+><sle!&*()_+>
<slp!&*()_+>
UVM_INFO ./uvm/we_agent/dut_we_seq.sv(20) @ 259: uvm_test_top.env.we_agent.we_seqr@@we_seq [dut_we_seq] fifo_we_data: fifo data is 13b
<slb!&*()_+>---<sls!&*()_+>loc: -1<sls!&*()_+>src: /opt/coe/synopsys/vcs/Q-2020.03-SP2-12/etc/uvm-1.2/seq/uvm_sequence_item.svh<sls!&*()_+>line: 439<sls!&*()_+>time: 259<sls!&*()_+>length: 0<sls!&*()_+>...<sls!&*()_+><sle!&*()_+>
<slp!&*()_+>
UVM_INFO ./uvm/we_agent/dut_we_driver.sv(18) @ 259: uvm_test_top.env.we_agent.we_driver [dut_we_driver] WE_DRV gets one data: fifo data is 13b
<slb!&*()_+>---<sls!&*()_+>loc: -1<sls!&*()_+>src: ./uvm/we_agent/dut_we_driver.sv<sls!&*()_+>line: 18<sls!&*()_+>time: 259<sls!&*()_+>length: 0<sls!&*()_+>...<sls!&*()_+><sle!&*()_+>
<slp!&*()_+>
UVM_INFO ./uvm/we_agent/dut_we_mon.sv(26) @ 273: uvm_test_top.env.we_agent.we_monitor [dut_we_mon] WE_MON gets one data: fifo data is 1e5
<slb!&*()_+>---<sls!&*()_+>loc: -1<sls!&*()_+>src: ./uvm/we_agent/dut_we_mon.sv<sls!&*()_+>line: 26<sls!&*()_+>time: 273<sls!&*()_+>length: 0<sls!&*()_+>...<sls!&*()_+><sle!&*()_+>
<slp!&*()_+>
UVM_INFO ./uvm/tests/fifo_sb.sv(26) @ 273: uvm_test_top.sb [fifo_sb.write_we] fifo_sb got one data from WE: fifo data is 1e5
<slb!&*()_+>---<sls!&*()_+>loc: -1<sls!&*()_+>src: ./uvm/tests/fifo_sb.sv<sls!&*()_+>line: 26<sls!&*()_+>time: 273<sls!&*()_+>length: 0<sls!&*()_+>...<sls!&*()_+><sle!&*()_+>
<slp!&*()_+>
UVM_INFO ./uvm/re_agent/dut_re_driver.sv(22) @ 275: uvm_test_top.env.re_agent.re_driver [dut_re_driver] readyout is low
<slb!&*()_+>---<sls!&*()_+>loc: -1<sls!&*()_+>src: ./uvm/re_agent/dut_re_driver.sv<sls!&*()_+>line: 22<sls!&*()_+>time: 275<sls!&*()_+>length: 0<sls!&*()_+>...<sls!&*()_+><sle!&*()_+>
<slp!&*()_+>
UVM_INFO ./uvm/re_agent/dut_re_mon.sv(26) @ 285: uvm_test_top.env.re_agent.re_monitor [dut_re_mon] WE_MON gets one data: fifo data is 1e5
<slb!&*()_+>---<sls!&*()_+>loc: -1<sls!&*()_+>src: ./uvm/re_agent/dut_re_mon.sv<sls!&*()_+>line: 26<sls!&*()_+>time: 285<sls!&*()_+>length: 0<sls!&*()_+>...<sls!&*()_+><sle!&*()_+>
<slp!&*()_+>
UVM_INFO ./uvm/tests/fifo_sb.sv(31) @ 285: uvm_test_top.sb [fifo_sb.write_re] fifo_sb got one data from RE: fifo data is 1e5
<slb!&*()_+>---<sls!&*()_+>loc: -1<sls!&*()_+>src: ./uvm/tests/fifo_sb.sv<sls!&*()_+>line: 31<sls!&*()_+>time: 285<sls!&*()_+>length: 0<sls!&*()_+>...<sls!&*()_+><sle!&*()_+>
<slp!&*()_+>
UVM_INFO ./uvm/re_agent/dut_re_driver.sv(29) @ 285: uvm_test_top.env.re_agent.re_driver [dut_re_driver] RE_DRV gets one data: fifo data is 1e5
<slb!&*()_+>---<sls!&*()_+>loc: -1<sls!&*()_+>src: ./uvm/re_agent/dut_re_driver.sv<sls!&*()_+>line: 29<sls!&*()_+>time: 285<sls!&*()_+>length: 0<sls!&*()_+>...<sls!&*()_+><sle!&*()_+>
<slp!&*()_+>
UVM_INFO ./uvm/tests/fifo_sb.sv(44) @ 285: uvm_test_top.sb [fifo_sb.run_phase] get one data from re_q: 1e5
<slb!&*()_+>---<sls!&*()_+>loc: -1<sls!&*()_+>src: ./uvm/tests/fifo_sb.sv<sls!&*()_+>line: 44<sls!&*()_+>time: 285<sls!&*()_+>length: 0<sls!&*()_+>...<sls!&*()_+><sle!&*()_+>
<slp!&*()_+>
UVM_INFO ./uvm/tests/fifo_sb.sv(52) @ 285: uvm_test_top.sb [fifo_sb.run_phase] get one data from we_q: 1e5
<slb!&*()_+>---<sls!&*()_+>loc: -1<sls!&*()_+>src: ./uvm/tests/fifo_sb.sv<sls!&*()_+>line: 52<sls!&*()_+>time: 285<sls!&*()_+>length: 0<sls!&*()_+>...<sls!&*()_+><sle!&*()_+>
<slp!&*()_+>
UVM_INFO ./uvm/tests/fifo_sb.sv(58) @ 285: uvm_test_top.sb [fifo_sb.run_phase] Correct: we_data: 1e5, re_data: 1e5
<slb!&*()_+>---<sls!&*()_+>loc: -1<sls!&*()_+>src: ./uvm/tests/fifo_sb.sv<sls!&*()_+>line: 58<sls!&*()_+>time: 285<sls!&*()_+>length: 0<sls!&*()_+>...<sls!&*()_+><sle!&*()_+>
<slp!&*()_+>
UVM_INFO ./uvm/re_agent/dut_re_seq.sv(25) @ 285: uvm_test_top.env.re_agent.re_seqr@@re_seq [dut_re_seq] get one data from fifo: 1e5
<slb!&*()_+>---<sls!&*()_+>loc: -1<sls!&*()_+>src: /opt/coe/synopsys/vcs/Q-2020.03-SP2-12/etc/uvm-1.2/seq/uvm_sequence_item.svh<sls!&*()_+>line: 439<sls!&*()_+>time: 285<sls!&*()_+>length: 0<sls!&*()_+>...<sls!&*()_+><sle!&*()_+>
<slp!&*()_+>
UVM_INFO ./uvm/tests/dut_test1.sv(34) @ 285: uvm_test_top [dut_test1.re_task] Reading one data...
<slb!&*()_+>---<sls!&*()_+>loc: -1<sls!&*()_+>src: ./uvm/tests/dut_test1.sv<sls!&*()_+>line: 34<sls!&*()_+>time: 285<sls!&*()_+>length: 0<sls!&*()_+>...<sls!&*()_+><sle!&*()_+>
<slp!&*()_+>
UVM_INFO ./uvm/re_agent/dut_re_driver.sv(17) @ 285: uvm_test_top.env.re_agent.re_driver [dut_re_driver] RE_DRV starts Reading data
<slb!&*()_+>---<sls!&*()_+>loc: -1<sls!&*()_+>src: ./uvm/re_agent/dut_re_driver.sv<sls!&*()_+>line: 17<sls!&*()_+>time: 285<sls!&*()_+>length: 0<sls!&*()_+>...<sls!&*()_+><sle!&*()_+>
<slp!&*()_+>
UVM_INFO ./uvm/we_agent/dut_we_driver.sv(28) @ 287: uvm_test_top.env.we_agent.we_driver [dut_we_driver] WE_DRV drives one data: fifo data is 13b
<slb!&*()_+>---<sls!&*()_+>loc: -1<sls!&*()_+>src: ./uvm/we_agent/dut_we_driver.sv<sls!&*()_+>line: 28<sls!&*()_+>time: 287<sls!&*()_+>length: 0<sls!&*()_+>...<sls!&*()_+><sle!&*()_+>
<slp!&*()_+>
UVM_INFO ./uvm/tests/dut_test1.sv(14) @ 287: uvm_test_top [dut_test1.we_task] Writing one data...
<slb!&*()_+>---<sls!&*()_+>loc: -1<sls!&*()_+>src: ./uvm/tests/dut_test1.sv<sls!&*()_+>line: 14<sls!&*()_+>time: 287<sls!&*()_+>length: 0<sls!&*()_+>...<sls!&*()_+><sle!&*()_+>
<slp!&*()_+>
UVM_INFO ./uvm/we_agent/dut_we_seq.sv(20) @ 287: uvm_test_top.env.we_agent.we_seqr@@we_seq [dut_we_seq] fifo_we_data: fifo data is 185
<slb!&*()_+>---<sls!&*()_+>loc: -1<sls!&*()_+>src: /opt/coe/synopsys/vcs/Q-2020.03-SP2-12/etc/uvm-1.2/seq/uvm_sequence_item.svh<sls!&*()_+>line: 439<sls!&*()_+>time: 287<sls!&*()_+>length: 0<sls!&*()_+>...<sls!&*()_+><sle!&*()_+>
<slp!&*()_+>
UVM_INFO ./uvm/we_agent/dut_we_driver.sv(18) @ 287: uvm_test_top.env.we_agent.we_driver [dut_we_driver] WE_DRV gets one data: fifo data is 185
<slb!&*()_+>---<sls!&*()_+>loc: -1<sls!&*()_+>src: ./uvm/we_agent/dut_we_driver.sv<sls!&*()_+>line: 18<sls!&*()_+>time: 287<sls!&*()_+>length: 0<sls!&*()_+>...<sls!&*()_+><sle!&*()_+>
<slp!&*()_+>
UVM_INFO ./uvm/we_agent/dut_we_mon.sv(26) @ 301: uvm_test_top.env.we_agent.we_monitor [dut_we_mon] WE_MON gets one data: fifo data is 13b
<slb!&*()_+>---<sls!&*()_+>loc: -1<sls!&*()_+>src: ./uvm/we_agent/dut_we_mon.sv<sls!&*()_+>line: 26<sls!&*()_+>time: 301<sls!&*()_+>length: 0<sls!&*()_+>...<sls!&*()_+><sle!&*()_+>
<slp!&*()_+>
UVM_INFO ./uvm/tests/fifo_sb.sv(26) @ 301: uvm_test_top.sb [fifo_sb.write_we] fifo_sb got one data from WE: fifo data is 13b
<slb!&*()_+>---<sls!&*()_+>loc: -1<sls!&*()_+>src: ./uvm/tests/fifo_sb.sv<sls!&*()_+>line: 26<sls!&*()_+>time: 301<sls!&*()_+>length: 0<sls!&*()_+>...<sls!&*()_+><sle!&*()_+>
<slp!&*()_+>
UVM_INFO ./uvm/re_agent/dut_re_driver.sv(22) @ 305: uvm_test_top.env.re_agent.re_driver [dut_re_driver] readyout is low
<slb!&*()_+>---<sls!&*()_+>loc: -1<sls!&*()_+>src: ./uvm/re_agent/dut_re_driver.sv<sls!&*()_+>line: 22<sls!&*()_+>time: 305<sls!&*()_+>length: 0<sls!&*()_+>...<sls!&*()_+><sle!&*()_+>
<slp!&*()_+>
UVM_INFO ./uvm/we_agent/dut_we_driver.sv(28) @ 315: uvm_test_top.env.we_agent.we_driver [dut_we_driver] WE_DRV drives one data: fifo data is 185
<slb!&*()_+>---<sls!&*()_+>loc: -1<sls!&*()_+>src: ./uvm/we_agent/dut_we_driver.sv<sls!&*()_+>line: 28<sls!&*()_+>time: 315<sls!&*()_+>length: 0<sls!&*()_+>...<sls!&*()_+><sle!&*()_+>
<slp!&*()_+>
UVM_INFO ./uvm/re_agent/dut_re_mon.sv(26) @ 315: uvm_test_top.env.re_agent.re_monitor [dut_re_mon] WE_MON gets one data: fifo data is 13b
<slb!&*()_+>---<sls!&*()_+>loc: -1<sls!&*()_+>src: ./uvm/re_agent/dut_re_mon.sv<sls!&*()_+>line: 26<sls!&*()_+>time: 315<sls!&*()_+>length: 0<sls!&*()_+>...<sls!&*()_+><sle!&*()_+>
<slp!&*()_+>
UVM_INFO ./uvm/tests/fifo_sb.sv(31) @ 315: uvm_test_top.sb [fifo_sb.write_re] fifo_sb got one data from RE: fifo data is 13b
<slb!&*()_+>---<sls!&*()_+>loc: -1<sls!&*()_+>src: ./uvm/tests/fifo_sb.sv<sls!&*()_+>line: 31<sls!&*()_+>time: 315<sls!&*()_+>length: 0<sls!&*()_+>...<sls!&*()_+><sle!&*()_+>
<slp!&*()_+>
UVM_INFO ./uvm/re_agent/dut_re_driver.sv(29) @ 315: uvm_test_top.env.re_agent.re_driver [dut_re_driver] RE_DRV gets one data: fifo data is 13b
<slb!&*()_+>---<sls!&*()_+>loc: -1<sls!&*()_+>src: ./uvm/re_agent/dut_re_driver.sv<sls!&*()_+>line: 29<sls!&*()_+>time: 315<sls!&*()_+>length: 0<sls!&*()_+>...<sls!&*()_+><sle!&*()_+>
<slp!&*()_+>
UVM_INFO ./uvm/tests/fifo_sb.sv(44) @ 315: uvm_test_top.sb [fifo_sb.run_phase] get one data from re_q: 13b
<slb!&*()_+>---<sls!&*()_+>loc: -1<sls!&*()_+>src: ./uvm/tests/fifo_sb.sv<sls!&*()_+>line: 44<sls!&*()_+>time: 315<sls!&*()_+>length: 0<sls!&*()_+>...<sls!&*()_+><sle!&*()_+>
<slp!&*()_+>
UVM_INFO ./uvm/tests/fifo_sb.sv(52) @ 315: uvm_test_top.sb [fifo_sb.run_phase] get one data from we_q: 13b
<slb!&*()_+>---<sls!&*()_+>loc: -1<sls!&*()_+>src: ./uvm/tests/fifo_sb.sv<sls!&*()_+>line: 52<sls!&*()_+>time: 315<sls!&*()_+>length: 0<sls!&*()_+>...<sls!&*()_+><sle!&*()_+>
<slp!&*()_+>
UVM_INFO ./uvm/tests/fifo_sb.sv(58) @ 315: uvm_test_top.sb [fifo_sb.run_phase] Correct: we_data: 13b, re_data: 13b
<slb!&*()_+>---<sls!&*()_+>loc: -1<sls!&*()_+>src: ./uvm/tests/fifo_sb.sv<sls!&*()_+>line: 58<sls!&*()_+>time: 315<sls!&*()_+>length: 0<sls!&*()_+>...<sls!&*()_+><sle!&*()_+>
<slp!&*()_+>
UVM_INFO ./uvm/re_agent/dut_re_seq.sv(25) @ 315: uvm_test_top.env.re_agent.re_seqr@@re_seq [dut_re_seq] get one data from fifo: 13b
<slb!&*()_+>---<sls!&*()_+>loc: -1<sls!&*()_+>src: /opt/coe/synopsys/vcs/Q-2020.03-SP2-12/etc/uvm-1.2/seq/uvm_sequence_item.svh<sls!&*()_+>line: 439<sls!&*()_+>time: 315<sls!&*()_+>length: 0<sls!&*()_+>...<sls!&*()_+><sle!&*()_+>
<slp!&*()_+>
UVM_INFO ./uvm/tests/dut_test1.sv(34) @ 315: uvm_test_top [dut_test1.re_task] Reading one data...
<slb!&*()_+>---<sls!&*()_+>loc: -1<sls!&*()_+>src: ./uvm/tests/dut_test1.sv<sls!&*()_+>line: 34<sls!&*()_+>time: 315<sls!&*()_+>length: 0<sls!&*()_+>...<sls!&*()_+><sle!&*()_+>
<slp!&*()_+>
UVM_INFO ./uvm/re_agent/dut_re_driver.sv(17) @ 315: uvm_test_top.env.re_agent.re_driver [dut_re_driver] RE_DRV starts Reading data
<slb!&*()_+>---<sls!&*()_+>loc: -1<sls!&*()_+>src: ./uvm/re_agent/dut_re_driver.sv<sls!&*()_+>line: 17<sls!&*()_+>time: 315<sls!&*()_+>length: 0<sls!&*()_+>...<sls!&*()_+><sle!&*()_+>
<slp!&*()_+>
UVM_INFO ./uvm/we_agent/dut_we_mon.sv(26) @ 329: uvm_test_top.env.we_agent.we_monitor [dut_we_mon] WE_MON gets one data: fifo data is 185
<slb!&*()_+>---<sls!&*()_+>loc: -1<sls!&*()_+>src: ./uvm/we_agent/dut_we_mon.sv<sls!&*()_+>line: 26<sls!&*()_+>time: 329<sls!&*()_+>length: 0<sls!&*()_+>...<sls!&*()_+><sle!&*()_+>
<slp!&*()_+>
UVM_INFO ./uvm/tests/fifo_sb.sv(26) @ 329: uvm_test_top.sb [fifo_sb.write_we] fifo_sb got one data from WE: fifo data is 185
<slb!&*()_+>---<sls!&*()_+>loc: -1<sls!&*()_+>src: ./uvm/tests/fifo_sb.sv<sls!&*()_+>line: 26<sls!&*()_+>time: 329<sls!&*()_+>length: 0<sls!&*()_+>...<sls!&*()_+><sle!&*()_+>
<slp!&*()_+>
UVM_INFO ./uvm/re_agent/dut_re_driver.sv(22) @ 335: uvm_test_top.env.re_agent.re_driver [dut_re_driver] readyout is low
<slb!&*()_+>---<sls!&*()_+>loc: -1<sls!&*()_+>src: ./uvm/re_agent/dut_re_driver.sv<sls!&*()_+>line: 22<sls!&*()_+>time: 335<sls!&*()_+>length: 0<sls!&*()_+>...<sls!&*()_+><sle!&*()_+>
<slp!&*()_+>
UVM_INFO ./uvm/re_agent/dut_re_mon.sv(26) @ 345: uvm_test_top.env.re_agent.re_monitor [dut_re_mon] WE_MON gets one data: fifo data is 185
<slb!&*()_+>---<sls!&*()_+>loc: -1<sls!&*()_+>src: ./uvm/re_agent/dut_re_mon.sv<sls!&*()_+>line: 26<sls!&*()_+>time: 345<sls!&*()_+>length: 0<sls!&*()_+>...<sls!&*()_+><sle!&*()_+>
<slp!&*()_+>
UVM_INFO ./uvm/tests/fifo_sb.sv(31) @ 345: uvm_test_top.sb [fifo_sb.write_re] fifo_sb got one data from RE: fifo data is 185
<slb!&*()_+>---<sls!&*()_+>loc: -1<sls!&*()_+>src: ./uvm/tests/fifo_sb.sv<sls!&*()_+>line: 31<sls!&*()_+>time: 345<sls!&*()_+>length: 0<sls!&*()_+>...<sls!&*()_+><sle!&*()_+>
<slp!&*()_+>
UVM_INFO ./uvm/re_agent/dut_re_driver.sv(29) @ 345: uvm_test_top.env.re_agent.re_driver [dut_re_driver] RE_DRV gets one data: fifo data is 185
<slb!&*()_+>---<sls!&*()_+>loc: -1<sls!&*()_+>src: ./uvm/re_agent/dut_re_driver.sv<sls!&*()_+>line: 29<sls!&*()_+>time: 345<sls!&*()_+>length: 0<sls!&*()_+>...<sls!&*()_+><sle!&*()_+>
<slp!&*()_+>
UVM_INFO ./uvm/tests/fifo_sb.sv(44) @ 345: uvm_test_top.sb [fifo_sb.run_phase] get one data from re_q: 185
<slb!&*()_+>---<sls!&*()_+>loc: -1<sls!&*()_+>src: ./uvm/tests/fifo_sb.sv<sls!&*()_+>line: 44<sls!&*()_+>time: 345<sls!&*()_+>length: 0<sls!&*()_+>...<sls!&*()_+><sle!&*()_+>
<slp!&*()_+>
UVM_INFO ./uvm/tests/fifo_sb.sv(52) @ 345: uvm_test_top.sb [fifo_sb.run_phase] get one data from we_q: 185
<slb!&*()_+>---<sls!&*()_+>loc: -1<sls!&*()_+>src: ./uvm/tests/fifo_sb.sv<sls!&*()_+>line: 52<sls!&*()_+>time: 345<sls!&*()_+>length: 0<sls!&*()_+>...<sls!&*()_+><sle!&*()_+>
<slp!&*()_+>
UVM_INFO ./uvm/tests/fifo_sb.sv(58) @ 345: uvm_test_top.sb [fifo_sb.run_phase] Correct: we_data: 185, re_data: 185
<slb!&*()_+>---<sls!&*()_+>loc: -1<sls!&*()_+>src: ./uvm/tests/fifo_sb.sv<sls!&*()_+>line: 58<sls!&*()_+>time: 345<sls!&*()_+>length: 0<sls!&*()_+>...<sls!&*()_+><sle!&*()_+>
<slp!&*()_+>
UVM_INFO ./uvm/re_agent/dut_re_seq.sv(25) @ 345: uvm_test_top.env.re_agent.re_seqr@@re_seq [dut_re_seq] get one data from fifo: 185
<slb!&*()_+>---<sls!&*()_+>loc: -1<sls!&*()_+>src: /opt/coe/synopsys/vcs/Q-2020.03-SP2-12/etc/uvm-1.2/seq/uvm_sequence_item.svh<sls!&*()_+>line: 439<sls!&*()_+>time: 345<sls!&*()_+>length: 0<sls!&*()_+>...<sls!&*()_+><sle!&*()_+>
<slp!&*()_+>
UVM_INFO /opt/coe/synopsys/vcs/Q-2020.03-SP2-12/etc/uvm-1.2/base/uvm_objection.svh(1276) @ 345: reporter [TEST_DONE] 'run' phase is ready to proceed to the 'extract' phase
<slb!&*()_+>---<sls!&*()_+>loc: -1<sls!&*()_+>src: /opt/coe/synopsys/vcs/Q-2020.03-SP2-12/etc/uvm-1.2/base/uvm_root.svh<sls!&*()_+>line: 431<sls!&*()_+>time: 345<sls!&*()_+>length: 0<sls!&*()_+>...<sls!&*()_+><sle!&*()_+>
<slp!&*()_+>
UVM_INFO ./uvm/tests/fifo_sb.sv(75) @ 345: uvm_test_top.sb [fifo_sb.report_phase] Success: run_num: 10
<slb!&*()_+>---<sls!&*()_+>loc: -1<sls!&*()_+>src: ./uvm/tests/fifo_sb.sv<sls!&*()_+>line: 75<sls!&*()_+>time: 345<sls!&*()_+>length: 0<sls!&*()_+>...<sls!&*()_+><sle!&*()_+>
<slp!&*()_+>
UVM_INFO /opt/coe/synopsys/vcs/Q-2020.03-SP2-12/etc/uvm-1.2/base/uvm_report_catcher.svh(705) @ 345: reporter [UVM/REPORT/CATCHER] 
--- UVM Report catcher Summary ---


Number of demoted UVM_FATAL reports  :    0
Number of demoted UVM_ERROR reports  :    0
Number of demoted UVM_WARNING reports:    0
Number of caught UVM_FATAL reports   :    0
Number of caught UVM_ERROR reports   :    0
Number of caught UVM_WARNING reports :    0

<slb!&*()_+>---<sls!&*()_+>loc: -1<sls!&*()_+>src: /opt/coe/synopsys/vcs/Q-2020.03-SP2-12/etc/uvm-1.2/base/uvm_report_catcher.svh<sls!&*()_+>line: 705<sls!&*()_+>time: 345<sls!&*()_+>length: 0<sls!&*()_+>...<sls!&*()_+><sle!&*()_+>
<slp!&*()_+>
UVM_INFO /opt/coe/synopsys/vcs/Q-2020.03-SP2-12/etc/uvm-1.2/base/uvm_report_server.svh(894) @ 345: reporter [UVM/REPORT/SERVER] 
--- UVM Report Summary ---

** Report counts by severity
UVM_INFO :  172
UVM_WARNING :    0
UVM_ERROR :    0
UVM_FATAL :    0
** Report counts by id
[RNTST]     1
[TEST_DONE]     1
[UVM/RELNOTES]     1
[UVM/REPORT/CATCHER]     1
[dut_re_driver]    32
[dut_re_mon]    11
[dut_re_seq]    10
[dut_test1]     1
[dut_test1.re_task]    10
[dut_test1.we_task]    10
[dut_we_driver]    21
[dut_we_mon]    11
[dut_we_seq]    10
[fifo_sb]     1
[fifo_sb.report_phase]     1
[fifo_sb.run_phase]    30
[fifo_sb.write_re]    10
[fifo_sb.write_we]    10

<slb!&*()_+>---<sls!&*()_+>loc: -1<sls!&*()_+>src: /opt/coe/synopsys/vcs/Q-2020.03-SP2-12/etc/uvm-1.2/base/uvm_root.svh<sls!&*()_+>line: 524<sls!&*()_+>time: 345<sls!&*()_+>length: 0<sls!&*()_+>...<sls!&*()_+><sle!&*()_+>
$finish called from file "/opt/coe/synopsys/vcs/Q-2020.03-SP2-12/etc/uvm-1.2/base/uvm_root.svh", line 527.
$finish at simulation time                  345
Simulation complete, time is 345.
uvm_root.svh, 527 :     $finish;

ucli% synEnv::hasFataled
0
ucli% ucliCore::getToolPID
2012
ucli% save::getUserdefinedProcs
::stateVerdiChangeCB ::LoadFSDBDumpCmd
ucli% if {[catch {ucliCore::setFocus tool}]} {}

ucli% fsdbDumpflush 
*Verdi* : Flush all FSDB Files at 345 s.

ucli% senv
activeDomain: TB
activeFile: /opt/coe/synopsys/vcs/Q-2020.03-SP2-12/etc/uvm-1.2/base/uvm_root.svh
activeFrame: 2
activeLine: 527
activeScope: uvm_pkg.\uvm_root::run_test 
activeThread: 22
endCol: 0
file: /opt/coe/synopsys/vcs/Q-2020.03-SP2-12/etc/uvm-1.2/base/uvm_root.svh
frame: 2
fsdbFilename: 
hasTB: 1
inputFilename: 
keyFilename: ucli.key
line: 527
logFilename: /home/grads/c/caspium/lab-1-Caspium/vcs_uvm/verdiLog/sim.log
macroIndex: -1
macroOffset: -1
pid: 2012
scope: uvm_pkg.\uvm_root::run_test 
startCol: 0
state: stopped
thread: 22
time: 345
timePrecision: 1 s
vcdFilename: 
vpdFilename:
ucli% puts $::ucliCore::cbug_active
0

ucli% if {[catch {ucliCore::setFocus tool}]} {}

ucli% checkpoint -list -all
There are no checkpoints present.
ucli% if {[catch {ucliCore::setFocus tool}]} {}

ucli% stop
No stop points are set
ucli% if {[catch {ucliCore::setFocus tool}]} {}

ucli% finish; quit
           V C S   S i m u l a t i o n   R e p o r t 
Time: 345
CPU Time:      2.050 seconds;       Data structure size:   0.6Mb
Tue Mar  7 17:24:48 2023

<VERDI_Terminated>

