version: (200506)

available memory: 64M bytes
used memory: 221184 bytes [need 216K bytes if disable swap]

used block: 6 [memory(6) file(0)]
                 [ 8K(3) 64K(3) { total 216K bytes } ]
overhead: (9538) bytes for (6) blocks [Average: (1589) bytes/block]

write  => 0(times) 0K(bytes) [0K bytes to file]
read   => 3(times) 24K(bytes) [4K bytes compressed data from file]
access => 87243(times) 687M(bytes)
          [hit ratio: 99.9966%]

time: write(0) read(0)  unit: second

swap file directory: (/home/grads/c/caspium/lab-1-Caspium/vcs_uvm/verdiLog)
used swap file number: (5)



swap file manager:
arrSize: (256)
idxCnt: (6)
closeHead: (1)
closeTail: (5)
openCnt: (4)
fid(5): fd(1073741826) fileName(/home/grads/c/caspium/lab-1-Caspium/vcs_uvm/simv.daidir/kdb.elab++/work.lib++/clkg.sv.tdc)
	size(1304) lastModTime(1678232445) curModTime(1678232445)
	mode(rb)	hot(0) cool(4) pos(0)
fid(4): fd(1073741825) fileName(/home/grads/c/caspium/lab-1-Caspium/vcs_uvm/simv.daidir/kdb.elab++/work.lib++/fifo.sv.tdc)
	size(4401) lastModTime(1678232445) curModTime(1678232445)
	mode(rb)	hot(5) cool(2) pos(0)
fid(3): fd(0) fileName(/home/grads/c/caspium/lab-1-Caspium/vcs_uvm/simv.daidir/kdb.elab++/work.lib++/uvm_custom_install_verdi_recorder.sv.tdc)
	size(15821) lastModTime(1678232445) curModTime(1678232445)
	mode(rb)	hot(0) cool(0) pos(0)
fid(2): fd(24) fileName(/home/grads/c/caspium/lab-1-Caspium/vcs_uvm/verdiLog/_swap_0001#1997173255#8825)
	size(0) lastModTime(0) curModTime(1678232562)
	mode(w+b)	hot(4) cool(1) pos(0)
fid(1): fd(1073741824) fileName(/home/grads/c/caspium/lab-1-Caspium/vcs_uvm/simv.daidir/kdb.elab++/work.lib++/tb.sv.tdc)
	size(2903) lastModTime(1678232445) curModTime(1678232445)
	mode(rb)	hot(2) cool(0) pos(0)
fid(0): fd(0) fileName(NULL)
	mode(NULL)	hot(0) cool(0) pos(0)
==================================================
mySelf(18079320) pre(1806ac40) next(0)
version(200506)
date(Aug  9 2022 19:18:51)
